<?xml version="1.0" encoding="UTF-8"?>
<coverage generated="1776397152750" clover="3.2.0">
  <project timestamp="1776397152750" name="All files">
    <metrics statements="1280" coveredstatements="909" conditionals="964" coveredconditionals="557" methods="196" coveredmethods="133" elements="2440" coveredelements="1599" complexity="0" loc="1280" ncloc="1280" packages="12" files="26" classes="26"/>
    <package name="src">
      <metrics statements="23" coveredstatements="19" conditionals="14" coveredconditionals="8" methods="1" coveredmethods="0"/>
      <file name="config.ts" path="/Users/mox/neo/src/config.ts">
        <metrics statements="23" coveredstatements="19" conditionals="14" coveredconditionals="8" methods="1" coveredmethods="0"/>
        <line num="7" count="12" type="stmt"/>
        <line num="13" count="0" type="stmt"/>
        <line num="14" count="0" type="cond" truecount="0" falsecount="2"/>
        <line num="19" count="12" type="stmt"/>
        <line num="22" count="12" type="stmt"/>
        <line num="25" count="12" type="stmt"/>
        <line num="28" count="12" type="stmt"/>
        <line num="31" count="12" type="stmt"/>
        <line num="34" count="12" type="stmt"/>
        <line num="44" count="12" type="cond" truecount="2" falsecount="0"/>
        <line num="45" count="12" type="stmt"/>
        <line num="46" count="12" type="stmt"/>
        <line num="50" count="12" type="stmt"/>
        <line num="62" count="12" type="cond" truecount="1" falsecount="1"/>
        <line num="63" count="12" type="cond" truecount="2" falsecount="0"/>
        <line num="65" count="12" type="stmt"/>
        <line num="66" count="12" type="cond" truecount="1" falsecount="1"/>
        <line num="67" count="12" type="cond" truecount="1" falsecount="1"/>
        <line num="70" count="12" type="stmt"/>
        <line num="73" count="12" type="stmt"/>
        <line num="74" count="12" type="cond" truecount="1" falsecount="1"/>
        <line num="75" count="0" type="stmt"/>
        <line num="76" count="0" type="stmt"/>
      </file>
    </package>
    <package name="src.__tests__">
      <metrics statements="49" coveredstatements="46" conditionals="23" coveredconditionals="22" methods="5" coveredmethods="5"/>
      <file name="test-helpers.ts" path="/Users/mox/neo/src/__tests__/test-helpers.ts">
        <metrics statements="49" coveredstatements="46" conditionals="23" coveredconditionals="22" methods="5" coveredmethods="5"/>
        <line num="23" count="35" type="stmt"/>
        <line num="24" count="35" type="stmt"/>
        <line num="25" count="35" type="stmt"/>
        <line num="28" count="35" type="cond" truecount="4" falsecount="0"/>
        <line num="29" count="3" type="stmt"/>
        <line num="30" count="3" type="stmt"/>
        <line num="31" count="3" type="stmt"/>
        <line num="32" count="3" type="stmt"/>
        <line num="33" count="3" type="cond" truecount="2" falsecount="0"/>
        <line num="34" count="1" type="stmt"/>
        <line num="35" count="1" type="stmt"/>
        <line num="36" count="1" type="stmt"/>
        <line num="37" count="1" type="stmt"/>
        <line num="39" count="2" type="stmt"/>
        <line num="40" count="2" type="stmt"/>
        <line num="41" count="2" type="stmt"/>
        <line num="43" count="0" type="stmt"/>
        <line num="44" count="0" type="stmt"/>
        <line num="45" count="0" type="stmt"/>
        <line num="47" count="2" type="stmt"/>
        <line num="48" count="2" type="cond" truecount="1" falsecount="1"/>
        <line num="49" count="2" type="stmt"/>
        <line num="50" count="2" type="stmt"/>
        <line num="51" count="2" type="stmt"/>
        <line num="52" count="2" type="stmt"/>
        <line num="53" count="2" type="stmt"/>
        <line num="54" count="2" type="stmt"/>
        <line num="55" count="2" type="cond" truecount="2" falsecount="0"/>
        <line num="56" count="3" type="cond" truecount="2" falsecount="0"/>
        <line num="57" count="3" type="cond" truecount="4" falsecount="0"/>
        <line num="58" count="1" type="stmt"/>
        <line num="63" count="35" type="stmt"/>
        <line num="64" count="35" type="cond" truecount="2" falsecount="0"/>
        <line num="65" count="34" type="cond" truecount="2" falsecount="0"/>
        <line num="66" count="32" type="stmt"/>
        <line num="67" count="32" type="cond" truecount="2" falsecount="0"/>
        <line num="68" count="31" type="stmt"/>
        <line num="69" count="31" type="stmt"/>
        <line num="71" count="1" type="stmt"/>
        <line num="72" count="1" type="stmt"/>
        <line num="75" count="35" type="stmt"/>
        <line num="78" count="35" type="stmt"/>
        <line num="79" count="35" type="stmt"/>
        <line num="80" count="35" type="stmt"/>
        <line num="83" count="35" type="stmt"/>
        <line num="90" count="6" type="stmt"/>
        <line num="91" count="6" type="stmt"/>
        <line num="92" count="6" type="stmt"/>
        <line num="93" count="6" type="stmt"/>
      </file>
    </package>
    <package name="src.const">
      <metrics statements="2" coveredstatements="2" conditionals="0" coveredconditionals="0" methods="0" coveredmethods="0"/>
      <file name="cookie.ts" path="/Users/mox/neo/src/const/cookie.ts">
        <metrics statements="2" coveredstatements="2" conditionals="0" coveredconditionals="0" methods="0" coveredmethods="0"/>
        <line num="3" count="6" type="stmt"/>
        <line num="4" count="6" type="stmt"/>
      </file>
    </package>
    <package name="src.llm">
      <metrics statements="146" coveredstatements="41" conditionals="92" coveredconditionals="10" methods="18" coveredmethods="4"/>
      <file name="ai-tools.ts" path="/Users/mox/neo/src/llm/ai-tools.ts">
        <metrics statements="24" coveredstatements="1" conditionals="14" coveredconditionals="0" methods="5" coveredmethods="0"/>
        <line num="13" count="3" type="stmt"/>
        <line num="25" count="0" type="stmt"/>
        <line num="26" count="0" type="stmt"/>
        <line num="29" count="0" type="stmt"/>
        <line num="30" count="0" type="cond" truecount="0" falsecount="4"/>
        <line num="31" count="0" type="stmt"/>
        <line num="34" count="0" type="stmt"/>
        <line num="40" count="0" type="stmt"/>
        <line num="41" count="0" type="cond" truecount="0" falsecount="4"/>
        <line num="42" count="0" type="stmt"/>
        <line num="45" count="0" type="stmt"/>
        <line num="51" count="0" type="stmt"/>
        <line num="52" count="0" type="cond" truecount="0" falsecount="2"/>
        <line num="53" count="0" type="stmt"/>
        <line num="54" count="0" type="stmt"/>
        <line num="58" count="0" type="stmt"/>
        <line num="59" count="0" type="stmt"/>
        <line num="65" count="0" type="stmt"/>
        <line num="79" count="0" type="stmt"/>
        <line num="80" count="0" type="cond" truecount="0" falsecount="2"/>
        <line num="82" count="0" type="stmt"/>
        <line num="83" count="0" type="stmt"/>
        <line num="84" count="0" type="cond" truecount="0" falsecount="2"/>
        <line num="86" count="0" type="stmt"/>
      </file>
      <file name="client.ts" path="/Users/mox/neo/src/llm/client.ts">
        <metrics statements="122" coveredstatements="40" conditionals="78" coveredconditionals="10" methods="13" coveredmethods="4"/>
        <line num="32" count="2" type="stmt"/>
        <line num="36" count="2" type="stmt"/>
        <line num="39" count="0" type="stmt"/>
        <line num="40" count="0" type="stmt"/>
        <line num="44" count="0" type="stmt"/>
        <line num="51" count="5" type="cond" truecount="2" falsecount="0"/>
        <line num="56" count="0" type="stmt"/>
        <line num="61" count="0" type="cond" truecount="0" falsecount="2"/>
        <line num="62" count="0" type="stmt"/>
        <line num="66" count="0" type="stmt"/>
        <line num="68" count="0" type="stmt"/>
        <line num="69" count="0" type="stmt"/>
        <line num="80" count="6" type="stmt"/>
        <line num="82" count="6" type="stmt"/>
        <line num="83" count="8" type="stmt"/>
        <line num="84" count="8" type="stmt"/>
        <line num="85" count="4" type="stmt"/>
        <line num="86" count="4" type="stmt"/>
        <line num="87" count="4" type="stmt"/>
        <line num="88" count="12" type="stmt"/>
        <line num="89" count="12" type="stmt"/>
        <line num="90" count="2" type="cond" truecount="1" falsecount="1"/>
        <line num="91" count="2" type="stmt"/>
        <line num="92" count="2" type="stmt"/>
        <line num="96" count="4" type="stmt"/>
        <line num="97" count="4" type="stmt"/>
        <line num="98" count="4" type="stmt"/>
        <line num="102" count="2" type="stmt"/>
        <line num="103" count="2" type="stmt"/>
        <line num="104" count="2" type="stmt"/>
        <line num="105" count="1" type="stmt"/>
        <line num="106" count="1" type="stmt"/>
        <line num="109" count="1" type="stmt"/>
        <line num="119" count="2" type="stmt"/>
        <line num="120" count="2" type="stmt"/>
        <line num="123" count="2" type="stmt"/>
        <line num="124" count="2" type="cond" truecount="1" falsecount="1"/>
        <line num="127" count="2" type="stmt"/>
        <line num="128" count="2" type="stmt"/>
        <line num="129" count="1" type="cond" truecount="1" falsecount="1"/>
        <line num="130" count="1" type="stmt"/>
        <line num="134" count="2" type="stmt"/>
        <line num="140" count="1" type="stmt"/>
        <line num="141" count="1" type="stmt"/>
        <line num="144" count="1" type="cond" truecount="2" falsecount="2"/>
        <line num="145" count="0" type="stmt"/>
        <line num="146" count="0" type="stmt"/>
        <line num="150" count="1" type="cond" truecount="1" falsecount="1"/>
        <line num="151" count="1" type="cond" truecount="2" falsecount="0"/>
        <line num="152" count="1" type="stmt"/>
        <line num="153" count="1" type="stmt"/>
        <line num="157" count="0" type="stmt"/>
        <line num="158" count="0" type="stmt"/>
        <line num="160" count="0" type="stmt"/>
        <line num="161" count="0" type="stmt"/>
        <line num="162" count="0" type="stmt"/>
        <line num="163" count="0" type="cond" truecount="0" falsecount="2"/>
        <line num="164" count="0" type="stmt"/>
        <line num="170" count="0" type="cond" truecount="0" falsecount="2"/>
        <line num="171" count="0" type="stmt"/>
        <line num="173" count="0" type="stmt"/>
        <line num="174" count="0" type="stmt"/>
        <line num="188" count="0" type="cond" truecount="0" falsecount="2"/>
        <line num="189" count="0" type="stmt"/>
        <line num="190" count="0" type="stmt"/>
        <line num="193" count="0" type="stmt"/>
        <line num="194" count="0" type="cond" truecount="0" falsecount="2"/>
        <line num="195" count="0" type="cond" truecount="0" falsecount="2"/>
        <line num="196" count="0" type="stmt"/>
        <line num="197" count="0" type="stmt"/>
        <line num="200" count="0" type="cond" truecount="0" falsecount="5"/>
        <line num="203" count="0" type="stmt"/>
        <line num="205" count="0" type="cond" truecount="0" falsecount="2"/>
        <line num="207" count="0" type="stmt"/>
        <line num="208" count="0" type="stmt"/>
        <line num="209" count="0" type="stmt"/>
        <line num="215" count="0" type="cond" truecount="0" falsecount="2"/>
        <line num="216" count="0" type="stmt"/>
        <line num="219" count="0" type="stmt"/>
        <line num="220" count="0" type="stmt"/>
        <line num="222" count="0" type="stmt"/>
        <line num="224" count="0" type="stmt"/>
        <line num="228" count="0" type="cond" truecount="0" falsecount="2"/>
        <line num="229" count="0" type="cond" truecount="0" falsecount="2"/>
        <line num="232" count="0" type="stmt"/>
        <line num="233" count="0" type="stmt"/>
        <line num="242" count="0" type="cond" truecount="0" falsecount="2"/>
        <line num="246" count="0" type="stmt"/>
        <line num="248" count="0" type="stmt"/>
        <line num="249" count="0" type="cond" truecount="0" falsecount="5"/>
        <line num="251" count="0" type="stmt"/>
        <line num="252" count="0" type="stmt"/>
        <line num="254" count="0" type="stmt"/>
        <line num="255" count="0" type="stmt"/>
        <line num="257" count="0" type="stmt"/>
        <line num="258" count="0" type="cond" truecount="0" falsecount="2"/>
        <line num="259" count="0" type="stmt"/>
        <line num="260" count="0" type="stmt"/>
        <line num="263" count="0" type="stmt"/>
        <line num="264" count="0" type="stmt"/>
        <line num="265" count="0" type="stmt"/>
        <line num="267" count="0" type="stmt"/>
        <line num="268" count="0" type="cond" truecount="0" falsecount="2"/>
        <line num="269" count="0" type="stmt"/>
        <line num="273" count="0" type="cond" truecount="0" falsecount="2"/>
        <line num="275" count="0" type="cond" truecount="0" falsecount="4"/>
        <line num="276" count="0" type="stmt"/>
        <line num="277" count="0" type="stmt"/>
        <line num="287" count="0" type="cond" truecount="0" falsecount="2"/>
        <line num="288" count="0" type="cond" truecount="0" falsecount="2"/>
        <line num="289" count="0" type="cond" truecount="0" falsecount="2"/>
        <line num="290" count="0" type="stmt"/>
        <line num="291" count="0" type="stmt"/>
        <line num="299" count="0" type="cond" truecount="0" falsecount="2"/>
        <line num="301" count="0" type="cond" truecount="0" falsecount="2"/>
        <line num="302" count="0" type="stmt"/>
        <line num="311" count="0" type="cond" truecount="0" falsecount="2"/>
        <line num="312" count="0" type="cond" truecount="0" falsecount="2"/>
        <line num="313" count="0" type="stmt"/>
        <line num="314" count="0" type="stmt"/>
        <line num="320" count="0" type="cond" truecount="0" falsecount="2"/>
        <line num="322" count="0" type="stmt"/>
      </file>
    </package>
    <package name="src.platforms">
      <metrics statements="112" coveredstatements="49" conditionals="50" coveredconditionals="12" methods="20" coveredmethods="6"/>
      <file name="telegram-bot.ts" path="/Users/mox/neo/src/platforms/telegram-bot.ts">
        <metrics statements="112" coveredstatements="49" conditionals="50" coveredconditionals="12" methods="20" coveredmethods="6"/>
        <line num="10" count="1" type="stmt"/>
        <line num="12" count="1" type="stmt"/>
        <line num="23" count="4" type="stmt"/>
        <line num="24" count="4" type="cond" truecount="2" falsecount="0"/>
        <line num="26" count="1" type="stmt"/>
        <line num="27" count="1" type="stmt"/>
        <line num="28" count="1" type="cond" truecount="1" falsecount="1"/>
        <line num="30" count="1" type="cond" truecount="3" falsecount="1"/>
        <line num="31" count="0" type="cond" truecount="0" falsecount="2"/>
        <line num="34" count="1" type="stmt"/>
        <line num="38" count="4" type="cond" truecount="1" falsecount="1"/>
        <line num="39" count="0" type="stmt"/>
        <line num="40" count="0" type="stmt"/>
        <line num="43" count="4" type="stmt"/>
        <line num="45" count="4" type="stmt"/>
        <line num="53" count="2" type="stmt"/>
        <line num="55" count="2" type="stmt"/>
        <line num="56" count="2" type="stmt"/>
        <line num="57" count="2" type="stmt"/>
        <line num="58" count="2" type="stmt"/>
        <line num="63" count="0" type="stmt"/>
        <line num="64" count="0" type="cond" truecount="0" falsecount="2"/>
        <line num="67" count="2" type="stmt"/>
        <line num="68" count="2" type="stmt"/>
        <line num="69" count="2" type="cond" truecount="1" falsecount="1"/>
        <line num="70" count="2" type="stmt"/>
        <line num="71" count="4" type="stmt"/>
        <line num="72" count="4" type="stmt"/>
        <line num="73" count="4" type="stmt"/>
        <line num="75" count="0" type="stmt"/>
        <line num="79" count="0" type="stmt"/>
        <line num="80" count="0" type="cond" truecount="0" falsecount="2"/>
        <line num="81" count="0" type="cond" truecount="0" falsecount="2"/>
        <line num="82" count="0" type="stmt"/>
        <line num="87" count="4" type="stmt"/>
        <line num="88" count="1" type="stmt"/>
        <line num="89" count="1" type="stmt"/>
        <line num="90" count="1" type="cond" truecount="1" falsecount="1"/>
        <line num="91" count="0" type="stmt"/>
        <line num="92" count="0" type="stmt"/>
        <line num="94" count="1" type="stmt"/>
        <line num="95" count="1" type="stmt"/>
        <line num="96" count="1" type="stmt"/>
        <line num="97" count="1" type="stmt"/>
        <line num="100" count="4" type="stmt"/>
        <line num="101" count="3" type="stmt"/>
        <line num="102" count="3" type="stmt"/>
        <line num="103" count="3" type="cond" truecount="2" falsecount="0"/>
        <line num="104" count="1" type="stmt"/>
        <line num="105" count="1" type="stmt"/>
        <line num="108" count="2" type="stmt"/>
        <line num="109" count="2" type="cond" truecount="1" falsecount="1"/>
        <line num="111" count="2" type="stmt"/>
        <line num="112" count="2" type="stmt"/>
        <line num="114" count="2" type="stmt"/>
        <line num="118" count="4" type="stmt"/>
        <line num="119" count="0" type="stmt"/>
        <line num="120" count="0" type="stmt"/>
        <line num="121" count="0" type="cond" truecount="0" falsecount="2"/>
        <line num="122" count="0" type="stmt"/>
        <line num="123" count="0" type="stmt"/>
        <line num="126" count="0" type="stmt"/>
        <line num="128" count="0" type="stmt"/>
        <line num="129" count="0" type="stmt"/>
        <line num="130" count="0" type="cond" truecount="0" falsecount="2"/>
        <line num="132" count="0" type="stmt"/>
        <line num="133" count="0" type="stmt"/>
        <line num="134" count="0" type="cond" truecount="0" falsecount="2"/>
        <line num="138" count="0" type="stmt"/>
        <line num="139" count="0" type="stmt"/>
        <line num="141" count="0" type="cond" truecount="0" falsecount="2"/>
        <line num="142" count="0" type="stmt"/>
        <line num="147" count="4" type="stmt"/>
        <line num="148" count="0" type="stmt"/>
        <line num="149" count="0" type="stmt"/>
        <line num="150" count="0" type="cond" truecount="0" falsecount="2"/>
        <line num="151" count="0" type="stmt"/>
        <line num="152" count="0" type="stmt"/>
        <line num="155" count="0" type="stmt"/>
        <line num="156" count="0" type="stmt"/>
        <line num="157" count="0" type="stmt"/>
        <line num="158" count="0" type="cond" truecount="0" falsecount="2"/>
        <line num="160" count="0" type="stmt"/>
        <line num="161" count="0" type="stmt"/>
        <line num="162" count="0" type="cond" truecount="0" falsecount="2"/>
        <line num="163" count="0" type="cond" truecount="0" falsecount="2"/>
        <line num="167" count="0" type="stmt"/>
        <line num="168" count="0" type="stmt"/>
        <line num="170" count="0" type="cond" truecount="0" falsecount="2"/>
        <line num="171" count="0" type="stmt"/>
        <line num="176" count="4" type="stmt"/>
        <line num="177" count="0" type="stmt"/>
        <line num="178" count="0" type="stmt"/>
        <line num="179" count="0" type="cond" truecount="0" falsecount="2"/>
        <line num="180" count="0" type="stmt"/>
        <line num="181" count="0" type="stmt"/>
        <line num="184" count="0" type="stmt"/>
        <line num="185" count="0" type="stmt"/>
        <line num="186" count="0" type="stmt"/>
        <line num="187" count="0" type="stmt"/>
        <line num="188" count="0" type="stmt"/>
        <line num="189" count="0" type="stmt"/>
        <line num="191" count="0" type="stmt"/>
        <line num="192" count="0" type="stmt"/>
        <line num="194" count="0" type="cond" truecount="0" falsecount="2"/>
        <line num="195" count="0" type="stmt"/>
        <line num="199" count="4" type="stmt"/>
        <line num="200" count="4" type="stmt"/>
        <line num="202" count="4" type="stmt"/>
        <line num="204" count="0" type="stmt"/>
        <line num="207" count="0" type="cond" truecount="0" falsecount="2"/>
        <line num="208" count="0" type="stmt"/>
      </file>
    </package>
    <package name="src.routes">
      <metrics statements="228" coveredstatements="192" conditionals="202" coveredconditionals="112" methods="38" coveredmethods="30"/>
      <file name="chat.ts" path="/Users/mox/neo/src/routes/chat.ts">
        <metrics statements="58" coveredstatements="41" conditionals="57" coveredconditionals="29" methods="12" coveredmethods="5"/>
        <line num="10" count="8" type="stmt"/>
        <line num="11" count="9" type="stmt"/>
        <line num="12" count="9" type="cond" truecount="2" falsecount="0"/>
        <line num="13" count="9" type="cond" truecount="2" falsecount="2"/>
        <line num="14" count="9" type="cond" truecount="4" falsecount="0"/>
        <line num="15" count="9" type="cond" truecount="1" falsecount="3"/>
        <line num="17" count="9" type="cond" truecount="1" falsecount="1"/>
        <line num="19" count="0" type="cond" truecount="0" falsecount="4"/>
        <line num="21" count="9" type="cond" truecount="5" falsecount="2"/>
        <line num="22" count="1" type="stmt"/>
        <line num="23" count="1" type="stmt"/>
        <line num="24" count="1" type="stmt"/>
        <line num="26" count="8" type="cond" truecount="2" falsecount="0"/>
        <line num="27" count="1" type="stmt"/>
        <line num="28" count="1" type="stmt"/>
        <line num="29" count="1" type="stmt"/>
        <line num="31" count="7" type="cond" truecount="2" falsecount="0"/>
        <line num="32" count="1" type="stmt"/>
        <line num="33" count="1" type="stmt"/>
        <line num="34" count="1" type="stmt"/>
        <line num="37" count="6" type="stmt"/>
        <line num="38" count="6" type="stmt"/>
        <line num="43" count="6" type="stmt"/>
        <line num="44" count="6" type="stmt"/>
        <line num="45" count="6" type="stmt"/>
        <line num="52" count="6" type="stmt"/>
        <line num="55" count="6" type="stmt"/>
        <line num="57" count="6" type="stmt"/>
        <line num="58" count="11" type="cond" truecount="3" falsecount="1"/>
        <line num="59" count="11" type="stmt"/>
        <line num="60" count="11" type="stmt"/>
        <line num="66" count="6" type="stmt"/>
        <line num="67" count="0" type="cond" truecount="0" falsecount="4"/>
        <line num="68" count="0" type="stmt"/>
        <line num="69" count="0" type="stmt"/>
        <line num="71" count="0" type="stmt"/>
        <line num="74" count="6" type="stmt"/>
        <line num="76" count="6" type="stmt"/>
        <line num="77" count="6" type="cond" truecount="1" falsecount="1"/>
        <line num="78" count="0" type="stmt"/>
        <line num="79" count="0" type="stmt"/>
        <line num="81" count="0" type="cond" truecount="0" falsecount="2"/>
        <line num="86" count="6" type="stmt"/>
        <line num="93" count="5" type="stmt"/>
        <line num="94" count="0" type="stmt"/>
        <line num="96" count="0" type="cond" truecount="0" falsecount="2"/>
        <line num="97" count="0" type="stmt"/>
        <line num="98" count="0" type="stmt"/>
        <line num="99" count="0" type="stmt"/>
        <line num="100" count="0" type="stmt"/>
        <line num="101" count="0" type="stmt"/>
        <line num="102" count="0" type="cond" truecount="0" falsecount="2"/>
        <line num="105" count="0" type="stmt"/>
        <line num="108" count="5" type="stmt"/>
        <line num="110" count="1" type="cond" truecount="3" falsecount="1"/>
        <line num="111" count="1" type="cond" truecount="1" falsecount="1"/>
        <line num="114" count="6" type="stmt"/>
        <line num="115" count="6" type="cond" truecount="1" falsecount="1"/>
      </file>
      <file name="notebook.ts" path="/Users/mox/neo/src/routes/notebook.ts">
        <metrics statements="48" coveredstatements="46" conditionals="75" coveredconditionals="39" methods="8" coveredmethods="8"/>
        <line num="6" count="10" type="stmt"/>
        <line num="7" count="5" type="stmt"/>
        <line num="8" count="5" type="stmt"/>
        <line num="9" count="5" type="stmt"/>
        <line num="11" count="5" type="cond" truecount="4" falsecount="1"/>
        <line num="13" count="1" type="stmt"/>
        <line num="14" count="1" type="stmt"/>
        <line num="17" count="1" type="cond" truecount="2" falsecount="0"/>
        <line num="18" count="1" type="stmt"/>
        <line num="22" count="1" type="stmt"/>
        <line num="25" count="1" type="cond" truecount="1" falsecount="1"/>
        <line num="26" count="1" type="cond" truecount="1" falsecount="1"/>
        <line num="27" count="1" type="stmt"/>
        <line num="31" count="1" type="stmt"/>
        <line num="34" count="2" type="stmt"/>
        <line num="35" count="2" type="cond" truecount="1" falsecount="1"/>
        <line num="36" count="2" type="stmt"/>
        <line num="37" count="2" type="cond" truecount="2" falsecount="0"/>
        <line num="38" count="1" type="stmt"/>
        <line num="39" count="1" type="stmt"/>
        <line num="42" count="0" type="stmt"/>
        <line num="43" count="0" type="cond" truecount="0" falsecount="2"/>
        <line num="49" count="10" type="stmt"/>
        <line num="50" count="2" type="stmt"/>
        <line num="51" count="2" type="stmt"/>
        <line num="52" count="2" type="stmt"/>
        <line num="54" count="2" type="cond" truecount="2" falsecount="0"/>
        <line num="55" count="2" type="cond" truecount="2" falsecount="0"/>
        <line num="57" count="1" type="cond" truecount="2" falsecount="2"/>
        <line num="61" count="2" type="stmt"/>
        <line num="74" count="10" type="stmt"/>
        <line num="75" count="1" type="stmt"/>
        <line num="76" count="1" type="stmt"/>
        <line num="77" count="1" type="stmt"/>
        <line num="78" count="1" type="stmt"/>
        <line num="79" count="1" type="cond" truecount="1" falsecount="1"/>
        <line num="81" count="1" type="stmt"/>
        <line num="82" count="1" type="stmt"/>
        <line num="91" count="1" type="cond" truecount="1" falsecount="1"/>
        <line num="92" count="1" type="stmt"/>
        <line num="97" count="10" type="stmt"/>
        <line num="98" count="2" type="stmt"/>
        <line num="99" count="2" type="stmt"/>
        <line num="100" count="2" type="stmt"/>
        <line num="101" count="2" type="stmt"/>
        <line num="102" count="2" type="cond" truecount="1" falsecount="1"/>
        <line num="103" count="2" type="cond" truecount="2" falsecount="0"/>
        <line num="104" count="1" type="stmt"/>
      </file>
      <file name="session.ts" path="/Users/mox/neo/src/routes/session.ts">
        <metrics statements="40" coveredstatements="37" conditionals="24" coveredconditionals="14" methods="8" coveredmethods="8"/>
        <line num="5" count="8" type="stmt"/>
        <line num="6" count="2" type="stmt"/>
        <line num="7" count="2" type="cond" truecount="1" falsecount="1"/>
        <line num="8" count="2" type="stmt"/>
        <line num="10" count="2" type="stmt"/>
        <line num="13" count="8" type="stmt"/>
        <line num="14" count="1" type="stmt"/>
        <line num="15" count="1" type="cond" truecount="1" falsecount="1"/>
        <line num="16" count="1" type="stmt"/>
        <line num="17" count="2" type="stmt"/>
        <line num="25" count="8" type="stmt"/>
        <line num="26" count="2" type="stmt"/>
        <line num="27" count="2" type="cond" truecount="1" falsecount="1"/>
        <line num="28" count="2" type="stmt"/>
        <line num="29" count="2" type="stmt"/>
        <line num="30" count="2" type="stmt"/>
        <line num="31" count="2" type="cond" truecount="1" falsecount="1"/>
        <line num="32" count="2" type="cond" truecount="1" falsecount="3"/>
        <line num="33" count="2" type="stmt"/>
        <line num="34" count="2" type="cond" truecount="2" falsecount="0"/>
        <line num="35" count="1" type="stmt"/>
        <line num="38" count="8" type="stmt"/>
        <line num="39" count="1" type="stmt"/>
        <line num="40" count="1" type="cond" truecount="1" falsecount="1"/>
        <line num="41" count="1" type="stmt"/>
        <line num="42" count="1" type="stmt"/>
        <line num="43" count="1" type="stmt"/>
        <line num="46" count="8" type="stmt"/>
        <line num="47" count="2" type="stmt"/>
        <line num="48" count="2" type="cond" truecount="1" falsecount="1"/>
        <line num="49" count="0" type="stmt"/>
        <line num="50" count="0" type="stmt"/>
        <line num="51" count="0" type="stmt"/>
        <line num="53" count="2" type="stmt"/>
        <line num="54" count="2" type="cond" truecount="2" falsecount="0"/>
        <line num="55" count="1" type="stmt"/>
        <line num="56" count="1" type="stmt"/>
        <line num="57" count="1" type="stmt"/>
        <line num="59" count="1" type="stmt"/>
        <line num="60" count="2" type="stmt"/>
      </file>
      <file name="upload.ts" path="/Users/mox/neo/src/routes/upload.ts">
        <metrics statements="82" coveredstatements="68" conditionals="46" coveredconditionals="30" methods="10" coveredmethods="9"/>
        <line num="17" count="1" type="stmt"/>
        <line num="20" count="1" type="stmt"/>
        <line num="25" count="1" type="stmt"/>
        <line num="32" count="3" type="stmt"/>
        <line num="35" count="3" type="cond" truecount="1" falsecount="1"/>
        <line num="37" count="3" type="cond" truecount="1" falsecount="1"/>
        <line num="38" count="0" type="stmt"/>
        <line num="39" count="0" type="stmt"/>
        <line num="40" count="0" type="stmt"/>
        <line num="43" count="3" type="stmt"/>
        <line num="44" count="3" type="cond" truecount="1" falsecount="1"/>
        <line num="45" count="0" type="stmt"/>
        <line num="46" count="0" type="stmt"/>
        <line num="47" count="0" type="stmt"/>
        <line num="50" count="3" type="stmt"/>
        <line num="51" count="3" type="stmt"/>
        <line num="53" count="3" type="cond" truecount="1" falsecount="1"/>
        <line num="54" count="0" type="stmt"/>
        <line num="55" count="0" type="stmt"/>
        <line num="56" count="0" type="stmt"/>
        <line num="62" count="3" type="stmt"/>
        <line num="64" count="3" type="stmt"/>
        <line num="65" count="3" type="stmt"/>
        <line num="66" count="3" type="cond" truecount="1" falsecount="1"/>
        <line num="67" count="3" type="cond" truecount="1" falsecount="1"/>
        <line num="70" count="3" type="cond" truecount="4" falsecount="0"/>
        <line num="71" count="1" type="stmt"/>
        <line num="74" count="2" type="cond" truecount="4" falsecount="0"/>
        <line num="76" count="1" type="stmt"/>
        <line num="77" count="1" type="stmt"/>
        <line num="78" count="1" type="stmt"/>
        <line num="79" count="1" type="cond" truecount="1" falsecount="1"/>
        <line num="81" count="1" type="stmt"/>
        <line num="82" count="1" type="cond" truecount="1" falsecount="1"/>
        <line num="83" count="1" type="stmt"/>
        <line num="94" count="3" type="cond" truecount="2" falsecount="0"/>
        <line num="95" count="1" type="stmt"/>
        <line num="96" count="1" type="stmt"/>
        <line num="97" count="1" type="stmt"/>
        <line num="100" count="2" type="stmt"/>
        <line num="108" count="3" type="stmt"/>
        <line num="112" count="3" type="stmt"/>
        <line num="113" count="3" type="cond" truecount="2" falsecount="1"/>
        <line num="117" count="3" type="stmt"/>
        <line num="118" count="3" type="stmt"/>
        <line num="119" count="3" type="stmt"/>
        <line num="120" count="3" type="stmt"/>
        <line num="121" count="3" type="stmt"/>
        <line num="122" count="3" type="cond" truecount="1" falsecount="1"/>
        <line num="123" count="0" type="stmt"/>
        <line num="124" count="0" type="stmt"/>
        <line num="125" count="0" type="stmt"/>
        <line num="127" count="3" type="stmt"/>
        <line num="129" count="3" type="stmt"/>
        <line num="130" count="3" type="stmt"/>
        <line num="141" count="3" type="stmt"/>
        <line num="142" count="3" type="stmt"/>
        <line num="143" count="3" type="stmt"/>
        <line num="146" count="3" type="stmt"/>
        <line num="147" count="3" type="stmt"/>
        <line num="148" count="3" type="stmt"/>
        <line num="149" count="9" type="stmt"/>
        <line num="150" count="9" type="cond" truecount="2" falsecount="0"/>
        <line num="151" count="6" type="stmt"/>
        <line num="152" count="6" type="stmt"/>
        <line num="155" count="3" type="stmt"/>
        <line num="156" count="3" type="stmt"/>
        <line num="157" count="3" type="stmt"/>
        <line num="158" count="3" type="stmt"/>
        <line num="161" count="3" type="stmt"/>
        <line num="162" count="3" type="cond" truecount="1" falsecount="1"/>
        <line num="164" count="3" type="stmt"/>
        <line num="166" count="3" type="stmt"/>
        <line num="168" count="3" type="cond" truecount="4" falsecount="1"/>
        <line num="169" count="3" type="stmt"/>
        <line num="173" count="3" type="stmt"/>
        <line num="174" count="3" type="stmt"/>
        <line num="176" count="3" type="cond" truecount="1" falsecount="1"/>
        <line num="178" count="3" type="stmt"/>
        <line num="185" count="3" type="stmt"/>
        <line num="189" count="0" type="stmt"/>
        <line num="211" count="0" type="cond" truecount="0" falsecount="2"/>
      </file>
    </package>
    <package name="src.services">
      <metrics statements="257" coveredstatements="233" conditionals="251" coveredconditionals="201" methods="52" coveredmethods="48"/>
      <file name="agent-runner.ts" path="/Users/mox/neo/src/services/agent-runner.ts">
        <metrics statements="25" coveredstatements="25" conditionals="14" coveredconditionals="11" methods="3" coveredmethods="3"/>
        <line num="21" count="2" type="stmt"/>
        <line num="23" count="2" type="stmt"/>
        <line num="50" count="10" type="stmt"/>
        <line num="52" count="10" type="stmt"/>
        <line num="53" count="10" type="stmt"/>
        <line num="55" count="10" type="stmt"/>
        <line num="57" count="10" type="stmt"/>
        <line num="58" count="10" type="cond" truecount="2" falsecount="0"/>
        <line num="60" count="10" type="stmt"/>
        <line num="61" count="38" type="stmt"/>
        <line num="66" count="10" type="stmt"/>
        <line num="68" count="10" type="stmt"/>
        <line num="81" count="10" type="stmt"/>
        <line num="83" count="10" type="stmt"/>
        <line num="84" count="10" type="stmt"/>
        <line num="89" count="8" type="stmt"/>
        <line num="90" count="8" type="cond" truecount="1" falsecount="1"/>
        <line num="97" count="2" type="stmt"/>
        <line num="98" count="2" type="stmt"/>
        <line num="103" count="2" type="stmt"/>
        <line num="106" count="8" type="stmt"/>
        <line num="107" count="8" type="cond" truecount="2" falsecount="0"/>
        <line num="108" count="7" type="stmt"/>
        <line num="111" count="8" type="stmt"/>
        <line num="112" count="8" type="stmt"/>
      </file>
      <file name="chat-service.ts" path="/Users/mox/neo/src/services/chat-service.ts">
        <metrics statements="62" coveredstatements="61" conditionals="27" coveredconditionals="26" methods="18" coveredmethods="17"/>
        <line num="19" count="2" type="stmt"/>
        <line num="20" count="2" type="stmt"/>
        <line num="23" count="259" type="stmt"/>
        <line num="27" count="117" type="stmt"/>
        <line num="31" count="50" type="stmt"/>
        <line num="63" count="67" type="stmt"/>
        <line num="64" count="67" type="stmt"/>
        <line num="65" count="45" type="stmt"/>
        <line num="67" count="22" type="stmt"/>
        <line num="72" count="50" type="stmt"/>
        <line num="73" count="50" type="stmt"/>
        <line num="77" count="28" type="stmt"/>
        <line num="78" count="28" type="stmt"/>
        <line num="79" count="139" type="stmt"/>
        <line num="81" count="8" type="stmt"/>
        <line num="88" count="11" type="stmt"/>
        <line num="89" count="11" type="cond" truecount="2" falsecount="0"/>
        <line num="94" count="2" type="stmt"/>
        <line num="95" count="2" type="stmt"/>
        <line num="96" count="2" type="stmt"/>
        <line num="97" count="0" type="stmt"/>
        <line num="98" count="2" type="cond" truecount="2" falsecount="0"/>
        <line num="103" count="26" type="stmt"/>
        <line num="104" count="26" type="stmt"/>
        <line num="105" count="26" type="cond" truecount="2" falsecount="0"/>
        <line num="107" count="26" type="stmt"/>
        <line num="108" count="19" type="cond" truecount="2" falsecount="0"/>
        <line num="111" count="26" type="stmt"/>
        <line num="112" count="26" type="stmt"/>
        <line num="113" count="26" type="stmt"/>
        <line num="114" count="26" type="stmt"/>
        <line num="119" count="2" type="stmt"/>
        <line num="120" count="2" type="stmt"/>
        <line num="121" count="5" type="stmt"/>
        <line num="131" count="3" type="stmt"/>
        <line num="132" count="3" type="stmt"/>
        <line num="133" count="3" type="cond" truecount="2" falsecount="0"/>
        <line num="134" count="2" type="cond" truecount="2" falsecount="0"/>
        <line num="135" count="2" type="cond" truecount="2" falsecount="0"/>
        <line num="136" count="2" type="stmt"/>
        <line num="137" count="2" type="stmt"/>
        <line num="142" count="2" type="stmt"/>
        <line num="143" count="2" type="cond" truecount="2" falsecount="0"/>
        <line num="144" count="1" type="stmt"/>
        <line num="145" count="1" type="stmt"/>
        <line num="146" count="1" type="stmt"/>
        <line num="147" count="1" type="stmt"/>
        <line num="160" count="21" type="stmt"/>
        <line num="161" count="21" type="stmt"/>
        <line num="162" count="21" type="stmt"/>
        <line num="172" count="21" type="stmt"/>
        <line num="173" count="21" type="stmt"/>
        <line num="174" count="21" type="stmt"/>
        <line num="176" count="21" type="stmt"/>
        <line num="177" count="21" type="cond" truecount="1" falsecount="1"/>
        <line num="178" count="21" type="stmt"/>
        <line num="180" count="21" type="cond" truecount="5" falsecount="0"/>
        <line num="181" count="7" type="stmt"/>
        <line num="183" count="21" type="stmt"/>
        <line num="186" count="21" type="stmt"/>
        <line num="191" count="7" type="stmt"/>
        <line num="192" count="7" type="stmt"/>
      </file>
      <file name="document-parser.ts" path="/Users/mox/neo/src/services/document-parser.ts">
        <metrics statements="34" coveredstatements="13" conditionals="34" coveredconditionals="27" methods="6" coveredmethods="3"/>
        <line num="16" count="2" type="stmt"/>
        <line num="29" count="2" type="stmt"/>
        <line num="43" count="3" type="cond" truecount="1" falsecount="1"/>
        <line num="46" count="3" type="cond" truecount="3" falsecount="1"/>
        <line num="47" count="0" type="stmt"/>
        <line num="51" count="3" type="cond" truecount="3" falsecount="1"/>
        <line num="52" count="0" type="stmt"/>
        <line num="56" count="3" type="cond" truecount="5" falsecount="1"/>
        <line num="59" count="0" type="stmt"/>
        <line num="63" count="3" type="cond" truecount="4" falsecount="0"/>
        <line num="64" count="2" type="stmt"/>
        <line num="65" count="2" type="stmt"/>
        <line num="68" count="1" type="stmt"/>
        <line num="72" count="0" type="stmt"/>
        <line num="73" count="0" type="stmt"/>
        <line num="74" count="0" type="stmt"/>
        <line num="75" count="0" type="cond" truecount="0" falsecount="2"/>
        <line num="76" count="0" type="stmt"/>
        <line num="77" count="0" type="stmt"/>
        <line num="86" count="0" type="stmt"/>
        <line num="87" count="0" type="stmt"/>
        <line num="95" count="0" type="stmt"/>
        <line num="96" count="0" type="stmt"/>
        <line num="98" count="0" type="stmt"/>
        <line num="99" count="0" type="stmt"/>
        <line num="100" count="0" type="stmt"/>
        <line num="101" count="0" type="stmt"/>
        <line num="102" count="0" type="stmt"/>
        <line num="103" count="0" type="stmt"/>
        <line num="106" count="0" type="stmt"/>
        <line num="107" count="0" type="stmt"/>
        <line num="117" count="19" type="cond" truecount="1" falsecount="1"/>
        <line num="118" count="19" type="stmt"/>
        <line num="131" count="9" type="stmt"/>
      </file>
      <file name="notebook-service.ts" path="/Users/mox/neo/src/services/notebook-service.ts">
        <metrics statements="120" coveredstatements="118" conditionals="172" coveredconditionals="133" methods="18" coveredmethods="18"/>
        <line num="58" count="22" type="stmt"/>
        <line num="59" count="22" type="stmt"/>
        <line num="61" count="22" type="cond" truecount="2" falsecount="0"/>
        <line num="62" count="21" type="stmt"/>
        <line num="63" count="21" type="cond" truecount="1" falsecount="1"/>
        <line num="64" count="21" type="stmt"/>
        <line num="65" count="21" type="stmt"/>
        <line num="66" count="21" type="stmt"/>
        <line num="67" count="49" type="stmt"/>
        <line num="68" count="49" type="cond" truecount="1" falsecount="1"/>
        <line num="69" count="49" type="stmt"/>
        <line num="70" count="49" type="stmt"/>
        <line num="71" count="49" type="cond" truecount="6" falsecount="0"/>
        <line num="72" count="21" type="stmt"/>
        <line num="73" count="19" type="stmt"/>
        <line num="74" count="2" type="stmt"/>
        <line num="75" count="1" type="stmt"/>
        <line num="76" count="3" type="stmt"/>
        <line num="78" count="3" type="stmt"/>
        <line num="79" count="7" type="stmt"/>
        <line num="80" count="3" type="stmt"/>
        <line num="87" count="22" type="stmt"/>
        <line num="91" count="25" type="stmt"/>
        <line num="92" count="25" type="cond" truecount="1" falsecount="1"/>
        <line num="93" count="25" type="cond" truecount="1" falsecount="1"/>
        <line num="94" count="25" type="cond" truecount="2" falsecount="0"/>
        <line num="95" count="25" type="cond" truecount="1" falsecount="1"/>
        <line num="96" count="25" type="cond" truecount="2" falsecount="0"/>
        <line num="97" count="25" type="cond" truecount="2" falsecount="0"/>
        <line num="98" count="25" type="stmt"/>
        <line num="99" count="25" type="stmt"/>
        <line num="100" count="25" type="stmt"/>
        <line num="104" count="3" type="stmt"/>
        <line num="112" count="21" type="stmt"/>
        <line num="117" count="7" type="cond" truecount="1" falsecount="1"/>
        <line num="118" count="7" type="stmt"/>
        <line num="119" count="7" type="stmt"/>
        <line num="120" count="12" type="cond" truecount="3" falsecount="1"/>
        <line num="121" count="12" type="cond" truecount="1" falsecount="1"/>
        <line num="122" count="12" type="cond" truecount="1" falsecount="1"/>
        <line num="123" count="0" type="stmt"/>
        <line num="124" count="12" type="cond" truecount="1" falsecount="1"/>
        <line num="125" count="12" type="stmt"/>
        <line num="128" count="7" type="stmt"/>
        <line num="133" count="17" type="stmt"/>
        <line num="134" count="17" type="stmt"/>
        <line num="135" count="17" type="stmt"/>
        <line num="137" count="17" type="stmt"/>
        <line num="138" count="17" type="stmt"/>
        <line num="139" count="17" type="cond" truecount="1" falsecount="1"/>
        <line num="140" count="17" type="cond" truecount="1" falsecount="1"/>
        <line num="141" count="17" type="cond" truecount="1" falsecount="1"/>
        <line num="143" count="17" type="stmt"/>
        <line num="160" count="3" type="cond" truecount="2" falsecount="0"/>
        <line num="161" count="2" type="stmt"/>
        <line num="162" count="5" type="cond" truecount="4" falsecount="0"/>
        <line num="163" count="3" type="stmt"/>
        <line num="168" count="7" type="cond" truecount="1" falsecount="1"/>
        <line num="170" count="7" type="cond" truecount="2" falsecount="0"/>
        <line num="171" count="7" type="cond" truecount="2" falsecount="0"/>
        <line num="172" count="7" type="stmt"/>
        <line num="173" count="7" type="cond" truecount="2" falsecount="0"/>
        <line num="174" count="7" type="stmt"/>
        <line num="176" count="7" type="stmt"/>
        <line num="177" count="11" type="cond" truecount="2" falsecount="0"/>
        <line num="178" count="10" type="stmt"/>
        <line num="181" count="7" type="stmt"/>
        <line num="185" count="3" type="stmt"/>
        <line num="186" count="3" type="stmt"/>
        <line num="187" count="3" type="cond" truecount="2" falsecount="0"/>
        <line num="188" count="3" type="stmt"/>
        <line num="190" count="3" type="stmt"/>
        <line num="191" count="4" type="stmt"/>
        <line num="192" count="4" type="cond" truecount="2" falsecount="0"/>
        <line num="194" count="4" type="cond" truecount="4" falsecount="0"/>
        <line num="195" count="1" type="stmt"/>
        <line num="197" count="3" type="stmt"/>
        <line num="198" count="3" type="stmt"/>
        <line num="199" count="3" type="cond" truecount="1" falsecount="1"/>
        <line num="200" count="3" type="stmt"/>
        <line num="201" count="3" type="cond" truecount="2" falsecount="0"/>
        <line num="202" count="1" type="stmt"/>
        <line num="203" count="1" type="stmt"/>
        <line num="204" count="0" type="stmt"/>
        <line num="207" count="2" type="cond" truecount="1" falsecount="1"/>
        <line num="210" count="3" type="stmt"/>
        <line num="214" count="8" type="stmt"/>
        <line num="216" count="8" type="cond" truecount="2" falsecount="0"/>
        <line num="217" count="7" type="cond" truecount="2" falsecount="0"/>
        <line num="218" count="4" type="stmt"/>
        <line num="222" count="2" type="stmt"/>
        <line num="223" count="2" type="stmt"/>
        <line num="224" count="2" type="stmt"/>
        <line num="225" count="2" type="cond" truecount="2" falsecount="0"/>
        <line num="226" count="1" type="stmt"/>
        <line num="230" count="21" type="stmt"/>
        <line num="231" count="21" type="stmt"/>
        <line num="233" count="21" type="stmt"/>
        <line num="237" count="21" type="cond" truecount="2" falsecount="0"/>
        <line num="238" count="21" type="stmt"/>
        <line num="239" count="21" type="stmt"/>
        <line num="241" count="21" type="cond" truecount="2" falsecount="0"/>
        <line num="242" count="21" type="stmt"/>
        <line num="251" count="21" type="cond" truecount="1" falsecount="1"/>
        <line num="253" count="21" type="stmt"/>
        <line num="268" count="3" type="stmt"/>
        <line num="269" count="3" type="cond" truecount="2" falsecount="0"/>
        <line num="271" count="2" type="stmt"/>
        <line num="273" count="2" type="cond" truecount="1" falsecount="1"/>
        <line num="274" count="3" type="cond" truecount="1" falsecount="1"/>
        <line num="275" count="3" type="cond" truecount="1" falsecount="1"/>
        <line num="277" count="3" type="stmt"/>
        <line num="286" count="3" type="cond" truecount="4" falsecount="2"/>
        <line num="287" count="3" type="stmt"/>
        <line num="289" count="3" type="stmt"/>
        <line num="302" count="3" type="stmt"/>
        <line num="303" count="3" type="cond" truecount="2" falsecount="0"/>
        <line num="304" count="2" type="cond" truecount="2" falsecount="0"/>
        <line num="305" count="1" type="stmt"/>
        <line num="306" count="1" type="stmt"/>
      </file>
      <file name="user-profile.ts" path="/Users/mox/neo/src/services/user-profile.ts">
        <metrics statements="16" coveredstatements="16" conditionals="4" coveredconditionals="4" methods="7" coveredmethods="7"/>
        <line num="14" count="11" type="stmt"/>
        <line num="18" count="12" type="stmt"/>
        <line num="23" count="2" type="stmt"/>
        <line num="24" count="2" type="stmt"/>
        <line num="26" count="1" type="stmt"/>
        <line num="32" count="7" type="stmt"/>
        <line num="33" count="7" type="stmt"/>
        <line num="35" count="3" type="stmt"/>
        <line num="41" count="2" type="stmt"/>
        <line num="46" count="3" type="stmt"/>
        <line num="47" count="3" type="cond" truecount="2" falsecount="0"/>
        <line num="48" count="2" type="stmt"/>
        <line num="53" count="2" type="stmt"/>
        <line num="54" count="2" type="cond" truecount="2" falsecount="0"/>
        <line num="55" count="1" type="stmt"/>
        <line num="57" count="1" type="stmt"/>
      </file>
    </package>
    <package name="src.skills">
      <metrics statements="144" coveredstatements="51" conditionals="99" coveredconditionals="37" methods="18" coveredmethods="9"/>
      <file name="skill-executor.ts" path="/Users/mox/neo/src/skills/skill-executor.ts">
        <metrics statements="60" coveredstatements="4" conditionals="52" coveredconditionals="4" methods="10" coveredmethods="2"/>
        <line num="36" count="10" type="stmt"/>
        <line num="37" count="12" type="cond" truecount="4" falsecount="0"/>
        <line num="38" count="3" type="stmt"/>
        <line num="45" count="0" type="cond" truecount="0" falsecount="2"/>
        <line num="46" count="0" type="cond" truecount="0" falsecount="4"/>
        <line num="47" count="0" type="cond" truecount="0" falsecount="2"/>
        <line num="48" count="0" type="stmt"/>
        <line num="50" count="0" type="stmt"/>
        <line num="55" count="1" type="stmt"/>
        <line num="61" count="0" type="cond" truecount="0" falsecount="2"/>
        <line num="62" count="0" type="stmt"/>
        <line num="69" count="0" type="cond" truecount="0" falsecount="10"/>
        <line num="72" count="0" type="stmt"/>
        <line num="73" count="0" type="stmt"/>
        <line num="74" count="0" type="stmt"/>
        <line num="77" count="0" type="stmt"/>
        <line num="78" count="0" type="stmt"/>
        <line num="79" count="0" type="stmt"/>
        <line num="82" count="0" type="stmt"/>
        <line num="83" count="0" type="stmt"/>
        <line num="84" count="0" type="stmt"/>
        <line num="88" count="0" type="stmt"/>
        <line num="89" count="0" type="stmt"/>
        <line num="90" count="0" type="stmt"/>
        <line num="92" count="0" type="stmt"/>
        <line num="95" count="0" type="stmt"/>
        <line num="96" count="0" type="stmt"/>
        <line num="98" count="0" type="stmt"/>
        <line num="99" count="0" type="stmt"/>
        <line num="102" count="0" type="cond" truecount="0" falsecount="4"/>
        <line num="106" count="0" type="stmt"/>
        <line num="111" count="0" type="cond" truecount="0" falsecount="4"/>
        <line num="113" count="0" type="stmt"/>
        <line num="133" count="0" type="stmt"/>
        <line num="134" count="0" type="cond" truecount="0" falsecount="2"/>
        <line num="137" count="0" type="cond" truecount="0" falsecount="2"/>
        <line num="138" count="0" type="stmt"/>
        <line num="139" count="0" type="stmt"/>
        <line num="140" count="0" type="stmt"/>
        <line num="141" count="0" type="stmt"/>
        <line num="142" count="0" type="stmt"/>
        <line num="143" count="0" type="cond" truecount="0" falsecount="2"/>
        <line num="144" count="0" type="cond" truecount="0" falsecount="2"/>
        <line num="145" count="0" type="cond" truecount="0" falsecount="2"/>
        <line num="147" count="0" type="cond" truecount="0" falsecount="2"/>
        <line num="148" count="0" type="stmt"/>
        <line num="153" count="0" type="stmt"/>
        <line num="154" count="0" type="stmt"/>
        <line num="156" count="0" type="cond" truecount="0" falsecount="2"/>
        <line num="158" count="0" type="cond" truecount="0" falsecount="2"/>
        <line num="159" count="0" type="cond" truecount="0" falsecount="2"/>
        <line num="162" count="0" type="stmt"/>
        <line num="163" count="0" type="stmt"/>
        <line num="165" count="0" type="stmt"/>
        <line num="166" count="0" type="stmt"/>
        <line num="175" count="0" type="stmt"/>
        <line num="182" count="0" type="stmt"/>
        <line num="183" count="0" type="cond" truecount="0" falsecount="2"/>
        <line num="184" count="0" type="stmt"/>
        <line num="185" count="0" type="stmt"/>
      </file>
      <file name="skill-parser.ts" path="/Users/mox/neo/src/skills/skill-parser.ts">
        <metrics statements="44" coveredstatements="42" conditionals="35" coveredconditionals="33" methods="3" coveredmethods="3"/>
        <line num="52" count="11" type="cond" truecount="2" falsecount="0"/>
        <line num="53" count="11" type="cond" truecount="2" falsecount="0"/>
        <line num="55" count="11" type="cond" truecount="2" falsecount="0"/>
        <line num="56" count="10" type="cond" truecount="2" falsecount="0"/>
        <line num="58" count="9" type="cond" truecount="2" falsecount="0"/>
        <line num="59" count="11" type="cond" truecount="2" falsecount="0"/>
        <line num="60" count="11" type="stmt"/>
        <line num="61" count="11" type="cond" truecount="2" falsecount="0"/>
        <line num="63" count="11" type="stmt"/>
        <line num="65" count="11" type="cond" truecount="5" falsecount="0"/>
        <line num="69" count="11" type="stmt"/>
        <line num="81" count="2" type="stmt"/>
        <line num="84" count="9" type="stmt"/>
        <line num="85" count="9" type="stmt"/>
        <line num="86" count="9" type="stmt"/>
        <line num="87" count="9" type="stmt"/>
        <line num="88" count="9" type="stmt"/>
        <line num="90" count="9" type="stmt"/>
        <line num="91" count="37" type="cond" truecount="2" falsecount="0"/>
        <line num="92" count="25" type="stmt"/>
        <line num="93" count="25" type="cond" truecount="2" falsecount="0"/>
        <line num="94" count="6" type="stmt"/>
        <line num="95" count="6" type="stmt"/>
        <line num="96" count="6" type="stmt"/>
        <line num="99" count="12" type="cond" truecount="2" falsecount="0"/>
        <line num="100" count="6" type="stmt"/>
        <line num="101" count="6" type="stmt"/>
        <line num="102" count="6" type="stmt"/>
        <line num="103" count="6" type="stmt"/>
        <line num="105" count="6" type="stmt"/>
        <line num="110" count="9" type="stmt"/>
        <line num="115" count="2" type="stmt"/>
        <line num="122" count="12" type="stmt"/>
        <line num="123" count="12" type="cond" truecount="2" falsecount="0"/>
        <line num="124" count="1" type="stmt"/>
        <line num="127" count="11" type="stmt"/>
        <line num="128" count="11" type="stmt"/>
        <line num="131" count="11" type="stmt"/>
        <line num="132" count="11" type="stmt"/>
        <line num="134" count="0" type="cond" truecount="0" falsecount="2"/>
        <line num="135" count="0" type="stmt"/>
        <line num="138" count="11" type="stmt"/>
        <line num="139" count="11" type="stmt"/>
        <line num="141" count="11" type="stmt"/>
      </file>
      <file name="skill-registry.ts" path="/Users/mox/neo/src/skills/skill-registry.ts">
        <metrics statements="40" coveredstatements="5" conditionals="12" coveredconditionals="0" methods="5" coveredmethods="4"/>
        <line num="21" count="6" type="stmt"/>
        <line num="25" count="8" type="stmt"/>
        <line num="30" count="3" type="stmt"/>
        <line num="35" count="2" type="stmt"/>
        <line num="40" count="4" type="stmt"/>
        <line num="63" count="0" type="stmt"/>
        <line num="64" count="0" type="stmt"/>
        <line num="67" count="0" type="stmt"/>
        <line num="68" count="0" type="stmt"/>
        <line num="71" count="0" type="stmt"/>
        <line num="72" count="0" type="cond" truecount="0" falsecount="2"/>
        <line num="73" count="0" type="stmt"/>
        <line num="74" count="0" type="stmt"/>
        <line num="76" count="0" type="stmt"/>
        <line num="79" count="0" type="stmt"/>
        <line num="80" count="0" type="stmt"/>
        <line num="85" count="0" type="stmt"/>
        <line num="86" count="0" type="stmt"/>
        <line num="87" count="0" type="cond" truecount="0" falsecount="4"/>
        <line num="88" count="0" type="stmt"/>
        <line num="89" count="0" type="cond" truecount="0" falsecount="2"/>
        <line num="91" count="0" type="stmt"/>
        <line num="92" count="0" type="stmt"/>
        <line num="93" count="0" type="stmt"/>
        <line num="94" count="0" type="stmt"/>
        <line num="99" count="0" type="stmt"/>
        <line num="100" count="0" type="stmt"/>
        <line num="101" count="0" type="stmt"/>
        <line num="102" count="0" type="stmt"/>
        <line num="104" count="0" type="cond" truecount="0" falsecount="2"/>
        <line num="105" count="0" type="stmt"/>
        <line num="106" count="0" type="stmt"/>
        <line num="107" count="0" type="stmt"/>
        <line num="110" count="0" type="stmt"/>
        <line num="111" count="0" type="stmt"/>
        <line num="112" count="0" type="stmt"/>
        <line num="114" count="0" type="cond" truecount="0" falsecount="2"/>
        <line num="115" count="0" type="stmt"/>
        <line num="119" count="0" type="stmt"/>
        <line num="120" count="0" type="stmt"/>
      </file>
    </package>
    <package name="src.tools">
      <metrics statements="56" coveredstatements="52" conditionals="52" coveredconditionals="40" methods="5" coveredmethods="5"/>
      <file name="executor.ts" path="/Users/mox/neo/src/tools/executor.ts">
        <metrics statements="56" coveredstatements="52" conditionals="52" coveredconditionals="40" methods="5" coveredmethods="5"/>
        <line num="17" count="10" type="cond" truecount="2" falsecount="0"/>
        <line num="18" count="10" type="cond" truecount="2" falsecount="0"/>
        <line num="19" count="3" type="stmt"/>
        <line num="21" count="7" type="stmt"/>
        <line num="26" count="5" type="stmt"/>
        <line num="91" count="23" type="stmt"/>
        <line num="92" count="117" type="cond" truecount="2" falsecount="0"/>
        <line num="93" count="12" type="stmt"/>
        <line num="99" count="11" type="stmt"/>
        <line num="111" count="10" type="stmt"/>
        <line num="113" count="10" type="stmt"/>
        <line num="114" count="10" type="cond" truecount="5" falsecount="0"/>
        <line num="116" count="3" type="cond" truecount="1" falsecount="1"/>
        <line num="119" count="3" type="stmt"/>
        <line num="120" count="3" type="cond" truecount="2" falsecount="0"/>
        <line num="121" count="1" type="stmt"/>
        <line num="122" count="1" type="stmt"/>
        <line num="123" count="1" type="stmt"/>
        <line num="127" count="2" type="cond" truecount="4" falsecount="1"/>
        <line num="128" count="0" type="stmt"/>
        <line num="131" count="2" type="cond" truecount="2" falsecount="0"/>
        <line num="132" count="3" type="stmt"/>
        <line num="138" count="2" type="stmt"/>
        <line num="145" count="3" type="cond" truecount="2" falsecount="0"/>
        <line num="149" count="4" type="cond" truecount="1" falsecount="1"/>
        <line num="150" count="4" type="stmt"/>
        <line num="151" count="4" type="stmt"/>
        <line num="154" count="2" type="stmt"/>
        <line num="155" count="2" type="cond" truecount="2" falsecount="0"/>
        <line num="156" count="1" type="stmt"/>
        <line num="158" count="1" type="stmt"/>
        <line num="162" count="2" type="stmt"/>
        <line num="169" count="4" type="stmt"/>
        <line num="173" count="1" type="cond" truecount="1" falsecount="1"/>
        <line num="174" count="1" type="cond" truecount="1" falsecount="1"/>
        <line num="175" count="1" type="stmt"/>
        <line num="176" count="1" type="stmt"/>
        <line num="177" count="1" type="stmt"/>
        <line num="178" count="1" type="stmt"/>
        <line num="182" count="1" type="cond" truecount="1" falsecount="1"/>
        <line num="183" count="1" type="stmt"/>
        <line num="184" count="1" type="stmt"/>
        <line num="185" count="1" type="stmt"/>
        <line num="186" count="1" type="cond" truecount="2" falsecount="2"/>
        <line num="187" count="0" type="stmt"/>
        <line num="189" count="2" type="cond" truecount="2" falsecount="0"/>
        <line num="193" count="1" type="stmt"/>
        <line num="194" count="1" type="cond" truecount="1" falsecount="1"/>
        <line num="195" count="0" type="stmt"/>
        <line num="196" count="0" type="stmt"/>
        <line num="198" count="1" type="stmt"/>
        <line num="202" count="2" type="cond" truecount="1" falsecount="1"/>
        <line num="203" count="2" type="stmt"/>
        <line num="204" count="2" type="cond" truecount="3" falsecount="1"/>
        <line num="205" count="2" type="stmt"/>
        <line num="207" count="2" type="stmt"/>
      </file>
    </package>
    <package name="src.tools.internal">
      <metrics statements="22" coveredstatements="19" conditionals="18" coveredconditionals="8" methods="3" coveredmethods="3"/>
      <file name="research.ts" path="/Users/mox/neo/src/tools/internal/research.ts">
        <metrics statements="22" coveredstatements="19" conditionals="18" coveredconditionals="8" methods="3" coveredmethods="3"/>
        <line num="16" count="1" type="stmt"/>
        <line num="19" count="1" type="stmt"/>
        <line num="22" count="1" type="stmt"/>
        <line num="24" count="1" type="stmt"/>
        <line num="53" count="2" type="cond" truecount="2" falsecount="0"/>
        <line num="54" count="2" type="cond" truecount="1" falsecount="1"/>
        <line num="56" count="0" type="cond" truecount="0" falsecount="2"/>
        <line num="57" count="2" type="cond" truecount="1" falsecount="1"/>
        <line num="59" count="2" type="stmt"/>
        <line num="62" count="2" type="stmt"/>
        <line num="63" count="2" type="stmt"/>
        <line num="65" count="2" type="stmt"/>
        <line num="66" count="2" type="stmt"/>
        <line num="68" count="2" type="cond" truecount="0" falsecount="2"/>
        <line num="70" count="2" type="cond" truecount="0" falsecount="2"/>
        <line num="72" count="2" type="stmt"/>
        <line num="77" count="0" type="cond" truecount="0" falsecount="2"/>
        <line num="79" count="0" type="stmt"/>
        <line num="86" count="5" type="cond" truecount="2" falsecount="0"/>
        <line num="98" count="5" type="stmt"/>
        <line num="144" count="4" type="cond" truecount="2" falsecount="0"/>
        <line num="145" count="4" type="stmt"/>
      </file>
    </package>
    <package name="src.tools.user-tools">
      <metrics statements="54" coveredstatements="43" conditionals="51" coveredconditionals="22" methods="3" coveredmethods="2"/>
      <file name="loader.ts" path="/Users/mox/neo/src/tools/user-tools/loader.ts">
        <metrics statements="54" coveredstatements="43" conditionals="51" coveredconditionals="22" methods="3" coveredmethods="2"/>
        <line num="42" count="4" type="stmt"/>
        <line num="44" count="4" type="cond" truecount="2" falsecount="0"/>
        <line num="45" count="4" type="cond" truecount="1" falsecount="1"/>
        <line num="46" count="4" type="cond" truecount="2" falsecount="0"/>
        <line num="47" count="3" type="cond" truecount="1" falsecount="1"/>
        <line num="49" count="3" type="stmt"/>
        <line num="50" count="3" type="cond" truecount="5" falsecount="0"/>
        <line num="54" count="4" type="cond" truecount="1" falsecount="1"/>
        <line num="55" count="4" type="stmt"/>
        <line num="56" count="4" type="cond" truecount="1" falsecount="1"/>
        <line num="58" count="4" type="stmt"/>
        <line num="70" count="8" type="stmt"/>
        <line num="71" count="8" type="stmt"/>
        <line num="74" count="8" type="stmt"/>
        <line num="75" count="8" type="stmt"/>
        <line num="78" count="1" type="stmt"/>
        <line num="81" count="7" type="stmt"/>
        <line num="82" count="8" type="cond" truecount="4" falsecount="0"/>
        <line num="84" count="7" type="stmt"/>
        <line num="85" count="7" type="stmt"/>
        <line num="88" count="7" type="stmt"/>
        <line num="89" count="7" type="stmt"/>
        <line num="91" count="1" type="stmt"/>
        <line num="92" count="1" type="stmt"/>
        <line num="95" count="6" type="cond" truecount="2" falsecount="0"/>
        <line num="96" count="1" type="stmt"/>
        <line num="97" count="1" type="stmt"/>
        <line num="100" count="5" type="stmt"/>
        <line num="101" count="5" type="cond" truecount="2" falsecount="0"/>
        <line num="102" count="1" type="stmt"/>
        <line num="103" count="1" type="stmt"/>
        <line num="107" count="4" type="stmt"/>
        <line num="108" count="4" type="stmt"/>
        <line num="110" count="1" type="cond" truecount="1" falsecount="1"/>
        <line num="111" count="1" type="stmt"/>
        <line num="114" count="3" type="stmt"/>
        <line num="115" count="3" type="stmt"/>
        <line num="116" count="3" type="stmt"/>
        <line num="117" count="3" type="stmt"/>
        <line num="119" count="3" type="stmt"/>
        <line num="123" count="0" type="cond" truecount="0" falsecount="2"/>
        <line num="125" count="0" type="stmt"/>
        <line num="133" count="0" type="cond" truecount="0" falsecount="4"/>
        <line num="135" count="0" type="cond" truecount="0" falsecount="4"/>
        <line num="136" count="0" type="stmt"/>
        <line num="141" count="0" type="cond" truecount="0" falsecount="2"/>
        <line num="145" count="0" type="cond" truecount="0" falsecount="4"/>
        <line num="146" count="0" type="stmt"/>
        <line num="148" count="0" type="cond" truecount="0" falsecount="2"/>
        <line num="151" count="0" type="cond" truecount="0" falsecount="2"/>
        <line num="155" count="0" type="cond" truecount="0" falsecount="2"/>
        <line num="160" count="3" type="stmt"/>
        <line num="161" count="3" type="stmt"/>
        <line num="164" count="7" type="stmt"/>
      </file>
    </package>
    <package name="src.utils">
      <metrics statements="187" coveredstatements="162" conditionals="112" coveredconditionals="85" methods="33" coveredmethods="21"/>
      <file name="audit-logger.ts" path="/Users/mox/neo/src/utils/audit-logger.ts">
        <metrics statements="3" coveredstatements="0" conditionals="4" coveredconditionals="0" methods="1" coveredmethods="0"/>
        <line num="13" count="0" type="cond" truecount="0" falsecount="2"/>
        <line num="14" count="0" type="cond" truecount="0" falsecount="2"/>
        <line num="18" count="0" type="stmt"/>
      </file>
      <file name="id-generator.ts" path="/Users/mox/neo/src/utils/id-generator.ts">
        <metrics statements="1" coveredstatements="1" conditionals="0" coveredconditionals="0" methods="1" coveredmethods="1"/>
        <line num="11" count="105" type="stmt"/>
      </file>
      <file name="logger.ts" path="/Users/mox/neo/src/utils/logger.ts">
        <metrics statements="59" coveredstatements="40" conditionals="22" coveredconditionals="10" methods="21" coveredmethods="10"/>
        <line num="27" count="4" type="stmt"/>
        <line num="35" count="4" type="stmt"/>
        <line num="42" count="4" type="stmt"/>
        <line num="47" count="4" type="cond" truecount="1" falsecount="1"/>
        <line num="48" count="4" type="cond" truecount="2" falsecount="0"/>
        <line num="49" count="4" type="cond" truecount="1" falsecount="1"/>
        <line num="52" count="4" type="stmt"/>
        <line num="56" count="4" type="stmt"/>
        <line num="57" count="4" type="stmt"/>
        <line num="58" count="4" type="stmt"/>
        <line num="61" count="6" type="cond" truecount="2" falsecount="0"/>
        <line num="62" count="2" type="stmt"/>
        <line num="63" count="2" type="stmt"/>
        <line num="68" count="6" type="cond" truecount="1" falsecount="1"/>
        <line num="69" count="6" type="stmt"/>
        <line num="70" count="6" type="stmt"/>
        <line num="71" count="6" type="stmt"/>
        <line num="72" count="6" type="stmt"/>
        <line num="74" count="4" type="stmt"/>
        <line num="85" count="0" type="cond" truecount="0" falsecount="2"/>
        <line num="87" count="0" type="stmt"/>
        <line num="88" count="0" type="stmt"/>
        <line num="89" count="0" type="cond" truecount="0" falsecount="4"/>
        <line num="92" count="0" type="stmt"/>
        <line num="95" count="0" type="stmt"/>
        <line num="96" count="0" type="stmt"/>
        <line num="97" count="0" type="stmt"/>
        <line num="102" count="4" type="stmt"/>
        <line num="104" count="0" type="stmt"/>
        <line num="107" count="0" type="stmt"/>
        <line num="110" count="0" type="stmt"/>
        <line num="113" count="0" type="stmt"/>
        <line num="116" count="0" type="stmt"/>
        <line num="122" count="4" type="stmt"/>
        <line num="125" count="6" type="stmt"/>
        <line num="126" count="6" type="cond" truecount="1" falsecount="1"/>
        <line num="131" count="2" type="cond" truecount="1" falsecount="1"/>
        <line num="132" count="2" type="stmt"/>
        <line num="134" count="2" type="stmt"/>
        <line num="142" count="2" type="stmt"/>
        <line num="143" count="6" type="stmt"/>
        <line num="144" count="6" type="stmt"/>
        <line num="145" count="6" type="stmt"/>
        <line num="150" count="2" type="stmt"/>
        <line num="151" count="6" type="cond" truecount="1" falsecount="1"/>
        <line num="152" count="6" type="stmt"/>
        <line num="155" count="2" type="stmt"/>
        <line num="156" count="6" type="stmt"/>
        <line num="157" count="6" type="stmt"/>
        <line num="159" count="2" type="stmt"/>
        <line num="160" count="0" type="stmt"/>
        <line num="161" count="0" type="stmt"/>
        <line num="163" count="2" type="stmt"/>
        <line num="164" count="0" type="stmt"/>
        <line num="165" count="0" type="stmt"/>
        <line num="167" count="2" type="stmt"/>
        <line num="168" count="0" type="stmt"/>
        <line num="169" count="0" type="stmt"/>
        <line num="175" count="4" type="stmt"/>
      </file>
      <file name="telegram-html.ts" path="/Users/mox/neo/src/utils/telegram-html.ts">
        <metrics statements="58" coveredstatements="58" conditionals="18" coveredconditionals="17" methods="5" coveredmethods="5"/>
        <line num="7" count="2" type="stmt"/>
        <line num="10" count="17" type="stmt"/>
        <line num="16" count="12" type="stmt"/>
        <line num="19" count="12" type="stmt"/>
        <line num="22" count="12" type="stmt"/>
        <line num="23" count="12" type="stmt"/>
        <line num="26" count="12" type="stmt"/>
        <line num="27" count="12" type="stmt"/>
        <line num="30" count="12" type="stmt"/>
        <line num="33" count="12" type="stmt"/>
        <line num="34" count="1" type="stmt"/>
        <line num="35" count="1" type="stmt"/>
        <line num="38" count="12" type="stmt"/>
        <line num="47" count="15" type="stmt"/>
        <line num="48" count="15" type="stmt"/>
        <line num="49" count="15" type="stmt"/>
        <line num="51" count="15" type="stmt"/>
        <line num="52" count="15" type="stmt"/>
        <line num="55" count="15" type="stmt"/>
        <line num="56" count="15" type="cond" truecount="2" falsecount="0"/>
        <line num="57" count="3" type="stmt"/>
        <line num="58" count="3" type="stmt"/>
        <line num="59" count="3" type="stmt"/>
        <line num="60" count="3" type="cond" truecount="2" falsecount="0"/>
        <line num="61" count="3" type="stmt"/>
        <line num="62" count="3" type="stmt"/>
        <line num="64" count="3" type="stmt"/>
        <line num="65" count="3" type="stmt"/>
        <line num="66" count="3" type="cond" truecount="2" falsecount="0"/>
        <line num="67" count="2" type="stmt"/>
        <line num="69" count="1" type="stmt"/>
        <line num="71" count="3" type="stmt"/>
        <line num="75" count="12" type="cond" truecount="2" falsecount="0"/>
        <line num="76" count="1" type="stmt"/>
        <line num="77" count="1" type="cond" truecount="2" falsecount="0"/>
        <line num="78" count="1" type="stmt"/>
        <line num="79" count="1" type="stmt"/>
        <line num="81" count="1" type="stmt"/>
        <line num="82" count="1" type="stmt"/>
        <line num="86" count="11" type="stmt"/>
        <line num="87" count="11" type="cond" truecount="2" falsecount="0"/>
        <line num="88" count="2" type="stmt"/>
        <line num="89" count="2" type="stmt"/>
        <line num="90" count="2" type="stmt"/>
        <line num="94" count="9" type="stmt"/>
        <line num="95" count="9" type="stmt"/>
        <line num="98" count="15" type="stmt"/>
        <line num="102" count="8" type="stmt"/>
        <line num="103" count="8" type="cond" truecount="2" falsecount="0"/>
        <line num="105" count="6" type="stmt"/>
        <line num="106" count="6" type="stmt"/>
        <line num="107" count="6" type="stmt"/>
        <line num="108" count="7" type="stmt"/>
        <line num="109" count="7" type="cond" truecount="2" falsecount="0"/>
        <line num="110" count="7" type="stmt"/>
        <line num="111" count="7" type="stmt"/>
        <line num="113" count="6" type="cond" truecount="1" falsecount="1"/>
        <line num="114" count="6" type="stmt"/>
      </file>
      <file name="yaml.ts" path="/Users/mox/neo/src/utils/yaml.ts">
        <metrics statements="66" coveredstatements="63" conditionals="68" coveredconditionals="58" methods="5" coveredmethods="5"/>
        <line num="14" count="33" type="stmt"/>
        <line num="15" count="33" type="stmt"/>
        <line num="16" count="33" type="stmt"/>
        <line num="17" count="33" type="stmt"/>
        <line num="21" count="191" type="stmt"/>
        <line num="22" count="396" type="cond" truecount="2" falsecount="0"/>
        <line num="23" count="191" type="stmt"/>
        <line num="27" count="62" type="stmt"/>
        <line num="28" count="62" type="stmt"/>
        <line num="29" count="134" type="stmt"/>
        <line num="30" count="134" type="stmt"/>
        <line num="32" count="134" type="cond" truecount="4" falsecount="0"/>
        <line num="34" count="127" type="stmt"/>
        <line num="36" count="127" type="cond" truecount="2" falsecount="0"/>
        <line num="37" count="117" type="cond" truecount="1" falsecount="1"/>
        <line num="39" count="117" type="cond" truecount="1" falsecount="1"/>
        <line num="41" count="117" type="stmt"/>
        <line num="42" count="117" type="cond" truecount="1" falsecount="1"/>
        <line num="44" count="117" type="stmt"/>
        <line num="45" count="117" type="stmt"/>
        <line num="47" count="117" type="cond" truecount="2" falsecount="0"/>
        <line num="48" count="75" type="stmt"/>
        <line num="49" count="75" type="stmt"/>
        <line num="51" count="42" type="stmt"/>
        <line num="52" count="42" type="cond" truecount="2" falsecount="0"/>
        <line num="54" count="42" type="cond" truecount="2" falsecount="0"/>
        <line num="56" count="41" type="stmt"/>
        <line num="57" count="41" type="stmt"/>
        <line num="58" count="41" type="stmt"/>
        <line num="60" count="41" type="cond" truecount="2" falsecount="0"/>
        <line num="61" count="12" type="stmt"/>
        <line num="62" count="12" type="stmt"/>
        <line num="63" count="12" type="stmt"/>
        <line num="64" count="23" type="stmt"/>
        <line num="65" count="23" type="stmt"/>
        <line num="66" count="23" type="cond" truecount="1" falsecount="1"/>
        <line num="67" count="23" type="cond" truecount="2" falsecount="0"/>
        <line num="68" count="19" type="cond" truecount="1" falsecount="1"/>
        <line num="69" count="19" type="stmt"/>
        <line num="70" count="19" type="stmt"/>
        <line num="72" count="0" type="stmt"/>
        <line num="75" count="12" type="stmt"/>
        <line num="76" count="29" type="cond" truecount="1" falsecount="1"/>
        <line num="77" count="29" type="stmt"/>
        <line num="78" count="29" type="stmt"/>
        <line num="79" count="29" type="stmt"/>
        <line num="80" count="29" type="stmt"/>
        <line num="81" count="29" type="stmt"/>
        <line num="83" count="0" type="stmt"/>
        <line num="84" count="0" type="stmt"/>
        <line num="88" count="62" type="stmt"/>
        <line num="92" count="94" type="cond" truecount="6" falsecount="0"/>
        <line num="93" count="8" type="stmt"/>
        <line num="95" count="86" type="stmt"/>
        <line num="106" count="13" type="cond" truecount="2" falsecount="0"/>
        <line num="107" count="11" type="cond" truecount="2" falsecount="0"/>
        <line num="108" count="13" type="stmt"/>
        <line num="109" count="13" type="stmt"/>
        <line num="111" count="13" type="cond" truecount="5" falsecount="0"/>
        <line num="112" count="9" type="stmt"/>
        <line num="113" count="9" type="cond" truecount="3" falsecount="1"/>
        <line num="114" count="9" type="stmt"/>
        <line num="115" count="9" type="stmt"/>
        <line num="127" count="11" type="stmt"/>
        <line num="128" count="11" type="cond" truecount="2" falsecount="0"/>
        <line num="130" count="13" type="cond" truecount="2" falsecount="0"/>
      </file>
    </package>
  </project>
</coverage>
