{"/Users/mox/neo/src/config.ts": {"path":"/Users/mox/neo/src/config.ts","statementMap":{"0":{"start":{"line":7,"column":0},"end":{"line":7,"column":null}},"1":{"start":{"line":13,"column":14},"end":{"line":13,"column":null}},"2":{"start":{"line":14,"column":4},"end":{"line":14,"column":null}},"3":{"start":{"line":19,"column":31},"end":{"line":19,"column":null}},"4":{"start":{"line":22,"column":35},"end":{"line":22,"column":null}},"5":{"start":{"line":25,"column":34},"end":{"line":25,"column":null}},"6":{"start":{"line":28,"column":37},"end":{"line":28,"column":null}},"7":{"start":{"line":31,"column":36},"end":{"line":31,"column":null}},"8":{"start":{"line":34,"column":53},"end":{"line":40,"column":null}},"9":{"start":{"line":44,"column":23},"end":{"line":44,"column":null}},"10":{"start":{"line":45,"column":25},"end":{"line":45,"column":99}},"11":{"start":{"line":46,"column":32},"end":{"line":46,"column":null}},"12":{"start":{"line":50,"column":34},"end":{"line":58,"column":null}},"13":{"start":{"line":62,"column":32},"end":{"line":62,"column":null}},"14":{"start":{"line":63,"column":32},"end":{"line":63,"column":null}},"15":{"start":{"line":65,"column":52},"end":{"line":65,"column":null}},"16":{"start":{"line":66,"column":34},"end":{"line":66,"column":null}},"17":{"start":{"line":67,"column":32},"end":{"line":67,"column":null}},"18":{"start":{"line":70,"column":32},"end":{"line":70,"column":null}},"19":{"start":{"line":73,"column":30},"end":{"line":73,"column":null}},"20":{"start":{"line":74,"column":0},"end":{"line":76,"column":null}},"21":{"start":{"line":75,"column":4},"end":{"line":75,"column":null}},"22":{"start":{"line":76,"column":4},"end":{"line":76,"column":null}}},"fnMap":{"0":{"name":"envInt","decl":{"start":{"line":12,"column":9},"end":{"line":12,"column":16}},"loc":{"start":{"line":12,"column":55},"end":{"line":14,"column":null}},"line":12}},"branchMap":{"0":{"loc":{"start":{"line":14,"column":11},"end":{"line":14,"column":null}},"type":"cond-expr","locations":[{"start":{"line":14,"column":15},"end":{"line":14,"column":30}},{"start":{"line":14,"column":33},"end":{"line":14,"column":null}}],"line":14},"1":{"loc":{"start":{"line":44,"column":23},"end":{"line":44,"column":null}},"type":"binary-expr","locations":[{"start":{"line":44,"column":23},"end":{"line":44,"column":46}},{"start":{"line":44,"column":46},"end":{"line":44,"column":null}}],"line":44},"2":{"loc":{"start":{"line":62,"column":32},"end":{"line":62,"column":null}},"type":"binary-expr","locations":[{"start":{"line":62,"column":32},"end":{"line":62,"column":62}},{"start":{"line":62,"column":62},"end":{"line":62,"column":null}}],"line":62},"3":{"loc":{"start":{"line":63,"column":32},"end":{"line":63,"column":null}},"type":"binary-expr","locations":[{"start":{"line":63,"column":32},"end":{"line":63,"column":64}},{"start":{"line":63,"column":64},"end":{"line":63,"column":null}}],"line":63},"4":{"loc":{"start":{"line":66,"column":34},"end":{"line":66,"column":null}},"type":"binary-expr","locations":[{"start":{"line":66,"column":34},"end":{"line":66,"column":68}},{"start":{"line":66,"column":68},"end":{"line":66,"column":null}}],"line":66},"5":{"loc":{"start":{"line":67,"column":32},"end":{"line":67,"column":null}},"type":"binary-expr","locations":[{"start":{"line":67,"column":32},"end":{"line":67,"column":64}},{"start":{"line":67,"column":64},"end":{"line":67,"column":null}}],"line":67},"6":{"loc":{"start":{"line":74,"column":0},"end":{"line":76,"column":null}},"type":"if","locations":[{"start":{"line":74,"column":0},"end":{"line":76,"column":null}},{"start":{},"end":{}}],"line":74}},"s":{"0":12,"1":0,"2":0,"3":12,"4":12,"5":12,"6":12,"7":12,"8":12,"9":12,"10":12,"11":12,"12":12,"13":12,"14":12,"15":12,"16":12,"17":12,"18":12,"19":12,"20":12,"21":0,"22":0},"f":{"0":0},"b":{"0":[0,0],"1":[12,12],"2":[12,0],"3":[12,12],"4":[12,0],"5":[12,0],"6":[0,12]},"meta":{"lastBranch":7,"lastFunction":1,"lastStatement":23,"seen":{"s:7:0:7:Infinity":0,"f:12:9:12:16":0,"s:13:14:13:Infinity":1,"s:14:4:14:Infinity":2,"b:14:15:14:30:14:33:14:Infinity":0,"s:19:31:19:Infinity":3,"s:22:35:22:Infinity":4,"s:25:34:25:Infinity":5,"s:28:37:28:Infinity":6,"s:31:36:31:Infinity":7,"s:34:53:40:Infinity":8,"s:44:23:44:Infinity":9,"b:44:23:44:46:44:46:44:Infinity":1,"s:45:25:45:99":10,"s:46:32:46:Infinity":11,"s:50:34:58:Infinity":12,"s:62:32:62:Infinity":13,"b:62:32:62:62:62:62:62:Infinity":2,"s:63:32:63:Infinity":14,"b:63:32:63:64:63:64:63:Infinity":3,"s:65:52:65:Infinity":15,"s:66:34:66:Infinity":16,"b:66:34:66:68:66:68:66:Infinity":4,"s:67:32:67:Infinity":17,"b:67:32:67:64:67:64:67:Infinity":5,"s:70:32:70:Infinity":18,"s:73:30:73:Infinity":19,"b:74:0:76:Infinity:undefined:undefined:undefined:undefined":6,"s:74:0:76:Infinity":20,"s:75:4:75:Infinity":21,"s:76:4:76:Infinity":22}}}
,"/Users/mox/neo/src/__tests__/test-helpers.ts": {"path":"/Users/mox/neo/src/__tests__/test-helpers.ts","statementMap":{"0":{"start":{"line":23,"column":16},"end":{"line":23,"column":25}},"1":{"start":{"line":24,"column":4},"end":{"line":24,"column":null}},"2":{"start":{"line":25,"column":19},"end":{"line":25,"column":31}},"3":{"start":{"line":28,"column":4},"end":{"line":59,"column":null}},"4":{"start":{"line":29,"column":21},"end":{"line":29,"column":null}},"5":{"start":{"line":30,"column":21},"end":{"line":30,"column":null}},"6":{"start":{"line":31,"column":8},"end":{"line":59,"column":null}},"7":{"start":{"line":32,"column":25},"end":{"line":32,"column":49}},"8":{"start":{"line":33,"column":12},"end":{"line":37,"column":null}},"9":{"start":{"line":34,"column":16},"end":{"line":34,"column":null}},"10":{"start":{"line":35,"column":16},"end":{"line":35,"column":null}},"11":{"start":{"line":36,"column":16},"end":{"line":36,"column":null}},"12":{"start":{"line":37,"column":16},"end":{"line":37,"column":null}},"13":{"start":{"line":39,"column":26},"end":{"line":39,"column":null}},"14":{"start":{"line":40,"column":12},"end":{"line":45,"column":null}},"15":{"start":{"line":41,"column":16},"end":{"line":41,"column":null}},"16":{"start":{"line":43,"column":16},"end":{"line":43,"column":null}},"17":{"start":{"line":44,"column":16},"end":{"line":44,"column":null}},"18":{"start":{"line":45,"column":16},"end":{"line":45,"column":null}},"19":{"start":{"line":47,"column":24},"end":{"line":47,"column":44}},"20":{"start":{"line":48,"column":12},"end":{"line":48,"column":null}},"21":{"start":{"line":48,"column":27},"end":{"line":48,"column":45}},"22":{"start":{"line":48,"column":45},"end":{"line":48,"column":83}},"23":{"start":{"line":48,"column":83},"end":{"line":48,"column":null}},"24":{"start":{"line":49,"column":22},"end":{"line":49,"column":43}},"25":{"start":{"line":50,"column":22},"end":{"line":50,"column":44}},"26":{"start":{"line":51,"column":25},"end":{"line":51,"column":39}},"27":{"start":{"line":52,"column":25},"end":{"line":52,"column":39}},"28":{"start":{"line":53,"column":25},"end":{"line":53,"column":42}},"29":{"start":{"line":54,"column":25},"end":{"line":54,"column":42}},"30":{"start":{"line":55,"column":24},"end":{"line":55,"column":82}},"31":{"start":{"line":56,"column":24},"end":{"line":56,"column":82}},"32":{"start":{"line":57,"column":12},"end":{"line":57,"column":null}},"33":{"start":{"line":57,"column":32},"end":{"line":57,"column":50}},"34":{"start":{"line":57,"column":50},"end":{"line":57,"column":88}},"35":{"start":{"line":57,"column":88},"end":{"line":57,"column":null}},"36":{"start":{"line":58,"column":12},"end":{"line":58,"column":null}},"37":{"start":{"line":63,"column":4},"end":{"line":73,"column":null}},"38":{"start":{"line":64,"column":8},"end":{"line":64,"column":null}},"39":{"start":{"line":64,"column":43},"end":{"line":64,"column":null}},"40":{"start":{"line":65,"column":8},"end":{"line":65,"column":null}},"41":{"start":{"line":65,"column":44},"end":{"line":65,"column":null}},"42":{"start":{"line":66,"column":23},"end":{"line":66,"column":72}},"43":{"start":{"line":67,"column":8},"end":{"line":69,"column":null}},"44":{"start":{"line":68,"column":12},"end":{"line":68,"column":null}},"45":{"start":{"line":69,"column":12},"end":{"line":69,"column":null}},"46":{"start":{"line":71,"column":8},"end":{"line":71,"column":null}},"47":{"start":{"line":72,"column":8},"end":{"line":72,"column":null}},"48":{"start":{"line":75,"column":4},"end":{"line":75,"column":null}},"49":{"start":{"line":78,"column":10},"end":{"line":80,"column":null}},"50":{"start":{"line":79,"column":8},"end":{"line":79,"column":null}},"51":{"start":{"line":80,"column":8},"end":{"line":80,"column":null}},"52":{"start":{"line":83,"column":4},"end":{"line":83,"column":null}},"53":{"start":{"line":90,"column":17},"end":{"line":90,"column":47}},"54":{"start":{"line":91,"column":16},"end":{"line":91,"column":null}},"55":{"start":{"line":92,"column":16},"end":{"line":92,"column":30}},"56":{"start":{"line":93,"column":4},"end":{"line":93,"column":null}}},"fnMap":{"0":{"name":"createTestApp","decl":{"start":{"line":22,"column":16},"end":{"line":22,"column":30}},"loc":{"start":{"line":22,"column":57},"end":{"line":83,"column":null}},"line":22},"1":{"name":"(anonymous_1)","decl":{"start":{"line":31,"column":16},"end":{"line":31,"column":23}},"loc":{"start":{"line":31,"column":37},"end":{"line":59,"column":null}},"line":31},"2":{"name":"(anonymous_2)","decl":{"start":{"line":63,"column":12},"end":{"line":63,"column":19}},"loc":{"start":{"line":63,"column":33},"end":{"line":73,"column":null}},"line":63},"3":{"name":"(anonymous_3)","decl":{"start":{"line":78,"column":10},"end":{"line":78,"column":24}},"loc":{"start":{"line":78,"column":24},"end":{"line":80,"column":null}},"line":78},"4":{"name":"signedCookie","decl":{"start":{"line":89,"column":16},"end":{"line":89,"column":29}},"loc":{"start":{"line":89,"column":53},"end":{"line":93,"column":null}},"line":89}},"branchMap":{"0":{"loc":{"start":{"line":22,"column":30},"end":{"line":22,"column":55}},"type":"default-arg","locations":[{"start":{"line":22,"column":53},"end":{"line":22,"column":55}}],"line":22},"1":{"loc":{"start":{"line":28,"column":4},"end":{"line":59,"column":null}},"type":"if","locations":[{"start":{"line":28,"column":4},"end":{"line":59,"column":null}},{"start":{},"end":{}}],"line":28},"2":{"loc":{"start":{"line":28,"column":8},"end":{"line":28,"column":50}},"type":"binary-expr","locations":[{"start":{"line":28,"column":8},"end":{"line":28,"column":30}},{"start":{"line":28,"column":30},"end":{"line":28,"column":50}}],"line":28},"3":{"loc":{"start":{"line":33,"column":12},"end":{"line":37,"column":null}},"type":"if","locations":[{"start":{"line":33,"column":12},"end":{"line":37,"column":null}},{"start":{},"end":{}}],"line":33},"4":{"loc":{"start":{"line":48,"column":12},"end":{"line":48,"column":null}},"type":"if","locations":[{"start":{"line":48,"column":12},"end":{"line":48,"column":null}},{"start":{},"end":{}}],"line":48},"5":{"loc":{"start":{"line":55,"column":24},"end":{"line":55,"column":82}},"type":"binary-expr","locations":[{"start":{"line":55,"column":24},"end":{"line":55,"column":55}},{"start":{"line":55,"column":45},"end":{"line":55,"column":82}}],"line":55},"6":{"loc":{"start":{"line":56,"column":24},"end":{"line":56,"column":82}},"type":"binary-expr","locations":[{"start":{"line":56,"column":24},"end":{"line":56,"column":55}},{"start":{"line":56,"column":45},"end":{"line":56,"column":82}}],"line":56},"7":{"loc":{"start":{"line":57,"column":12},"end":{"line":57,"column":null}},"type":"if","locations":[{"start":{"line":57,"column":12},"end":{"line":57,"column":null}},{"start":{},"end":{}}],"line":57},"8":{"loc":{"start":{"line":57,"column":16},"end":{"line":57,"column":30}},"type":"binary-expr","locations":[{"start":{"line":57,"column":16},"end":{"line":57,"column":24}},{"start":{"line":57,"column":24},"end":{"line":57,"column":30}}],"line":57},"9":{"loc":{"start":{"line":64,"column":8},"end":{"line":64,"column":null}},"type":"if","locations":[{"start":{"line":64,"column":8},"end":{"line":64,"column":null}},{"start":{},"end":{}}],"line":64},"10":{"loc":{"start":{"line":65,"column":8},"end":{"line":65,"column":null}},"type":"if","locations":[{"start":{"line":65,"column":8},"end":{"line":65,"column":null}},{"start":{},"end":{}}],"line":65},"11":{"loc":{"start":{"line":67,"column":8},"end":{"line":69,"column":null}},"type":"if","locations":[{"start":{"line":67,"column":8},"end":{"line":69,"column":null}},{"start":{},"end":{}}],"line":67}},"s":{"0":35,"1":35,"2":35,"3":35,"4":3,"5":3,"6":3,"7":3,"8":3,"9":1,"10":1,"11":1,"12":1,"13":2,"14":2,"15":2,"16":0,"17":0,"18":0,"19":2,"20":2,"21":0,"22":0,"23":0,"24":2,"25":2,"26":2,"27":2,"28":2,"29":2,"30":2,"31":3,"32":3,"33":1,"34":1,"35":1,"36":1,"37":35,"38":35,"39":1,"40":34,"41":2,"42":32,"43":32,"44":31,"45":31,"46":1,"47":1,"48":35,"49":35,"50":35,"51":35,"52":35,"53":6,"54":6,"55":6,"56":6},"f":{"0":35,"1":3,"2":35,"3":35,"4":6},"b":{"0":[35],"1":[3,32],"2":[35,3],"3":[1,2],"4":[0,2],"5":[2,2],"6":[3,1],"7":[1,2],"8":[3,2],"9":[1,34],"10":[2,32],"11":[31,1]},"meta":{"lastBranch":12,"lastFunction":5,"lastStatement":57,"seen":{"f:22:16:22:30":0,"b:22:53:22:55":0,"s:23:16:23:25":0,"s:24:4:24:Infinity":1,"s:25:19:25:31":2,"b:28:4:59:Infinity:undefined:undefined:undefined:undefined":1,"s:28:4:59:Infinity":3,"b:28:8:28:30:28:30:28:50":2,"s:29:21:29:Infinity":4,"s:30:21:30:Infinity":5,"s:31:8:59:Infinity":6,"f:31:16:31:23":1,"s:32:25:32:49":7,"b:33:12:37:Infinity:undefined:undefined:undefined:undefined":3,"s:33:12:37:Infinity":8,"s:34:16:34:Infinity":9,"s:35:16:35:Infinity":10,"s:36:16:36:Infinity":11,"s:37:16:37:Infinity":12,"s:39:26:39:Infinity":13,"s:40:12:45:Infinity":14,"s:41:16:41:Infinity":15,"s:43:16:43:Infinity":16,"s:44:16:44:Infinity":17,"s:45:16:45:Infinity":18,"s:47:24:47:44":19,"b:48:12:48:Infinity:undefined:undefined:undefined:undefined":4,"s:48:12:48:Infinity":20,"s:48:27:48:45":21,"s:48:45:48:83":22,"s:48:83:48:Infinity":23,"s:49:22:49:43":24,"s:50:22:50:44":25,"s:51:25:51:39":26,"s:52:25:52:39":27,"s:53:25:53:42":28,"s:54:25:54:42":29,"s:55:24:55:82":30,"b:55:24:55:55:55:45:55:82":5,"s:56:24:56:82":31,"b:56:24:56:55:56:45:56:82":6,"b:57:12:57:Infinity:undefined:undefined:undefined:undefined":7,"s:57:12:57:Infinity":32,"b:57:16:57:24:57:24:57:30":8,"s:57:32:57:50":33,"s:57:50:57:88":34,"s:57:88:57:Infinity":35,"s:58:12:58:Infinity":36,"s:63:4:73:Infinity":37,"f:63:12:63:19":2,"b:64:8:64:Infinity:undefined:undefined:undefined:undefined":9,"s:64:8:64:Infinity":38,"s:64:43:64:Infinity":39,"b:65:8:65:Infinity:undefined:undefined:undefined:undefined":10,"s:65:8:65:Infinity":40,"s:65:44:65:Infinity":41,"s:66:23:66:72":42,"b:67:8:69:Infinity:undefined:undefined:undefined:undefined":11,"s:67:8:69:Infinity":43,"s:68:12:68:Infinity":44,"s:69:12:69:Infinity":45,"s:71:8:71:Infinity":46,"s:72:8:72:Infinity":47,"s:75:4:75:Infinity":48,"s:78:10:80:Infinity":49,"f:78:10:78:24":3,"s:79:8:79:Infinity":50,"s:80:8:80:Infinity":51,"s:83:4:83:Infinity":52,"f:89:16:89:29":4,"s:90:17:90:47":53,"s:91:16:91:Infinity":54,"s:92:16:92:30":55,"s:93:4:93:Infinity":56}}}
,"/Users/mox/neo/src/const/cookie.ts": {"path":"/Users/mox/neo/src/const/cookie.ts","statementMap":{"0":{"start":{"line":3,"column":30},"end":{"line":3,"column":null}},"1":{"start":{"line":4,"column":73},"end":{"line":10,"column":null}}},"fnMap":{},"branchMap":{},"s":{"0":6,"1":6},"f":{},"b":{},"meta":{"lastBranch":0,"lastFunction":0,"lastStatement":2,"seen":{"s:3:30:3:Infinity":0,"s:4:73:10:Infinity":1}}}
,"/Users/mox/neo/src/llm/ai-tools.ts": {"path":"/Users/mox/neo/src/llm/ai-tools.ts","statementMap":{"0":{"start":{"line":13,"column":20},"end":{"line":13,"column":82}},"1":{"start":{"line":25,"column":27},"end":{"line":25,"column":29}},"2":{"start":{"line":26,"column":23},"end":{"line":26,"column":null}},"3":{"start":{"line":29,"column":4},"end":{"line":36,"column":null}},"4":{"start":{"line":30,"column":8},"end":{"line":30,"column":null}},"5":{"start":{"line":30,"column":54},"end":{"line":30,"column":null}},"6":{"start":{"line":31,"column":8},"end":{"line":36,"column":null}},"7":{"start":{"line":34,"column":28},"end":{"line":35,"column":null}},"8":{"start":{"line":40,"column":4},"end":{"line":47,"column":null}},"9":{"start":{"line":41,"column":8},"end":{"line":41,"column":null}},"10":{"start":{"line":41,"column":49},"end":{"line":41,"column":null}},"11":{"start":{"line":42,"column":8},"end":{"line":47,"column":null}},"12":{"start":{"line":45,"column":28},"end":{"line":46,"column":null}},"13":{"start":{"line":51,"column":22},"end":{"line":51,"column":null}},"14":{"start":{"line":52,"column":4},"end":{"line":61,"column":null}},"15":{"start":{"line":53,"column":8},"end":{"line":61,"column":null}},"16":{"start":{"line":54,"column":12},"end":{"line":61,"column":null}},"17":{"start":{"line":58,"column":35},"end":{"line":58,"column":101}},"18":{"start":{"line":59,"column":20},"end":{"line":59,"column":null}},"19":{"start":{"line":65,"column":4},"end":{"line":65,"column":null}},"20":{"start":{"line":79,"column":16},"end":{"line":79,"column":60}},"21":{"start":{"line":80,"column":4},"end":{"line":80,"column":null}},"22":{"start":{"line":80,"column":23},"end":{"line":80,"column":null}},"23":{"start":{"line":82,"column":28},"end":{"line":82,"column":30}},"24":{"start":{"line":83,"column":4},"end":{"line":84,"column":null}},"25":{"start":{"line":84,"column":8},"end":{"line":84,"column":null}},"26":{"start":{"line":84,"column":23},"end":{"line":84,"column":null}},"27":{"start":{"line":86,"column":4},"end":{"line":86,"column":null}}},"fnMap":{"0":{"name":"buildAiTools","decl":{"start":{"line":20,"column":16},"end":{"line":20,"column":null}},"loc":{"start":{"line":24,"column":11},"end":{"line":65,"column":null}},"line":24},"1":{"name":"(anonymous_1)","decl":{"start":{"line":34,"column":21},"end":{"line":34,"column":28}},"loc":{"start":{"line":34,"column":28},"end":{"line":35,"column":null}},"line":34},"2":{"name":"(anonymous_2)","decl":{"start":{"line":45,"column":21},"end":{"line":45,"column":28}},"loc":{"start":{"line":45,"column":28},"end":{"line":46,"column":null}},"line":45},"3":{"name":"(anonymous_3)","decl":{"start":{"line":57,"column":25},"end":{"line":57,"column":32}},"loc":{"start":{"line":57,"column":41},"end":{"line":59,"column":null}},"line":57},"4":{"name":"buildAiToolSubset","decl":{"start":{"line":73,"column":16},"end":{"line":73,"column":null}},"loc":{"start":{"line":78,"column":11},"end":{"line":86,"column":null}},"line":78}},"branchMap":{"0":{"loc":{"start":{"line":30,"column":8},"end":{"line":30,"column":null}},"type":"if","locations":[{"start":{"line":30,"column":8},"end":{"line":30,"column":null}},{"start":{},"end":{}}],"line":30},"1":{"loc":{"start":{"line":30,"column":12},"end":{"line":30,"column":52}},"type":"binary-expr","locations":[{"start":{"line":30,"column":12},"end":{"line":30,"column":26}},{"start":{"line":30,"column":26},"end":{"line":30,"column":52}}],"line":30},"2":{"loc":{"start":{"line":41,"column":8},"end":{"line":41,"column":null}},"type":"if","locations":[{"start":{"line":41,"column":8},"end":{"line":41,"column":null}},{"start":{},"end":{}}],"line":41},"3":{"loc":{"start":{"line":41,"column":12},"end":{"line":41,"column":47}},"type":"binary-expr","locations":[{"start":{"line":41,"column":12},"end":{"line":41,"column":26}},{"start":{"line":41,"column":26},"end":{"line":41,"column":47}}],"line":41},"4":{"loc":{"start":{"line":52,"column":4},"end":{"line":61,"column":null}},"type":"if","locations":[{"start":{"line":52,"column":4},"end":{"line":61,"column":null}},{"start":{},"end":{}}],"line":52},"5":{"loc":{"start":{"line":80,"column":4},"end":{"line":80,"column":null}},"type":"if","locations":[{"start":{"line":80,"column":4},"end":{"line":80,"column":null}},{"start":{},"end":{}}],"line":80},"6":{"loc":{"start":{"line":84,"column":8},"end":{"line":84,"column":null}},"type":"if","locations":[{"start":{"line":84,"column":8},"end":{"line":84,"column":null}},{"start":{},"end":{}}],"line":84}},"s":{"0":3,"1":0,"2":0,"3":0,"4":0,"5":0,"6":0,"7":0,"8":0,"9":0,"10":0,"11":0,"12":0,"13":0,"14":0,"15":0,"16":0,"17":0,"18":0,"19":0,"20":0,"21":0,"22":0,"23":0,"24":0,"25":0,"26":0,"27":0},"f":{"0":0,"1":0,"2":0,"3":0,"4":0},"b":{"0":[0,0],"1":[0,0],"2":[0,0],"3":[0,0],"4":[0,0],"5":[0,0],"6":[0,0]},"meta":{"lastBranch":7,"lastFunction":5,"lastStatement":28,"seen":{"s:13:20:13:82":0,"f:20:16:20:Infinity":0,"s:25:27:25:29":1,"s:26:23:26:Infinity":2,"s:29:4:36:Infinity":3,"b:30:8:30:Infinity:undefined:undefined:undefined:undefined":0,"s:30:8:30:Infinity":4,"b:30:12:30:26:30:26:30:52":1,"s:30:54:30:Infinity":5,"s:31:8:36:Infinity":6,"f:34:21:34:28":1,"s:34:28:35:Infinity":7,"s:40:4:47:Infinity":8,"b:41:8:41:Infinity:undefined:undefined:undefined:undefined":2,"s:41:8:41:Infinity":9,"b:41:12:41:26:41:26:41:47":3,"s:41:49:41:Infinity":10,"s:42:8:47:Infinity":11,"f:45:21:45:28":2,"s:45:28:46:Infinity":12,"s:51:22:51:Infinity":13,"b:52:4:61:Infinity:undefined:undefined:undefined:undefined":4,"s:52:4:61:Infinity":14,"s:53:8:61:Infinity":15,"s:54:12:61:Infinity":16,"f:57:25:57:32":3,"s:58:35:58:101":17,"s:59:20:59:Infinity":18,"s:65:4:65:Infinity":19,"f:73:16:73:Infinity":4,"s:79:16:79:60":20,"b:80:4:80:Infinity:undefined:undefined:undefined:undefined":5,"s:80:4:80:Infinity":21,"s:80:23:80:Infinity":22,"s:82:28:82:30":23,"s:83:4:84:Infinity":24,"b:84:8:84:Infinity:undefined:undefined:undefined:undefined":6,"s:84:8:84:Infinity":25,"s:84:23:84:Infinity":26,"s:86:4:86:Infinity":27}}}
,"/Users/mox/neo/src/llm/client.ts": {"path":"/Users/mox/neo/src/llm/client.ts","statementMap":{"0":{"start":{"line":32,"column":0},"end":{"line":32,"column":null}},"1":{"start":{"line":36,"column":21},"end":{"line":36,"column":44}},"2":{"start":{"line":39,"column":4},"end":{"line":39,"column":null}},"3":{"start":{"line":40,"column":4},"end":{"line":40,"column":null}},"4":{"start":{"line":44,"column":4},"end":{"line":44,"column":null}},"5":{"start":{"line":51,"column":4},"end":{"line":51,"column":null}},"6":{"start":{"line":56,"column":4},"end":{"line":56,"column":null}},"7":{"start":{"line":61,"column":4},"end":{"line":66,"column":null}},"8":{"start":{"line":62,"column":14},"end":{"line":65,"column":10}},"9":{"start":{"line":66,"column":8},"end":{"line":66,"column":null}},"10":{"start":{"line":68,"column":10},"end":{"line":68,"column":71}},"11":{"start":{"line":69,"column":4},"end":{"line":69,"column":null}},"12":{"start":{"line":80,"column":17},"end":{"line":80,"column":61}},"13":{"start":{"line":82,"column":4},"end":{"line":99,"column":null}},"14":{"start":{"line":83,"column":8},"end":{"line":99,"column":null}},"15":{"start":{"line":84,"column":27},"end":{"line":84,"column":76}},"16":{"start":{"line":85,"column":36},"end":{"line":85,"column":51}},"17":{"start":{"line":86,"column":32},"end":{"line":86,"column":45}},"18":{"start":{"line":87,"column":12},"end":{"line":94,"column":null}},"19":{"start":{"line":88,"column":16},"end":{"line":94,"column":null}},"20":{"start":{"line":89,"column":36},"end":{"line":89,"column":78}},"21":{"start":{"line":90,"column":20},"end":{"line":92,"column":null}},"22":{"start":{"line":91,"column":24},"end":{"line":91,"column":null}},"23":{"start":{"line":92,"column":24},"end":{"line":92,"column":null}},"24":{"start":{"line":96,"column":27},"end":{"line":96,"column":52}},"25":{"start":{"line":97,"column":12},"end":{"line":97,"column":null}},"26":{"start":{"line":98,"column":12},"end":{"line":98,"column":null}},"27":{"start":{"line":102,"column":4},"end":{"line":107,"column":null}},"28":{"start":{"line":103,"column":8},"end":{"line":107,"column":null}},"29":{"start":{"line":104,"column":28},"end":{"line":104,"column":76}},"30":{"start":{"line":105,"column":12},"end":{"line":105,"column":null}},"31":{"start":{"line":106,"column":12},"end":{"line":106,"column":null}},"32":{"start":{"line":109,"column":4},"end":{"line":109,"column":null}},"33":{"start":{"line":119,"column":10},"end":{"line":119,"column":45}},"34":{"start":{"line":120,"column":28},"end":{"line":120,"column":30}},"35":{"start":{"line":123,"column":15},"end":{"line":123,"column":62}},"36":{"start":{"line":124,"column":4},"end":{"line":124,"column":null}},"37":{"start":{"line":124,"column":12},"end":{"line":124,"column":null}},"38":{"start":{"line":127,"column":4},"end":{"line":132,"column":null}},"39":{"start":{"line":128,"column":23},"end":{"line":128,"column":74}},"40":{"start":{"line":129,"column":8},"end":{"line":130,"column":null}},"41":{"start":{"line":130,"column":12},"end":{"line":130,"column":null}},"42":{"start":{"line":134,"column":4},"end":{"line":134,"column":null}},"43":{"start":{"line":140,"column":22},"end":{"line":140,"column":null}},"44":{"start":{"line":141,"column":22},"end":{"line":141,"column":null}},"45":{"start":{"line":144,"column":8},"end":{"line":146,"column":null}},"46":{"start":{"line":145,"column":12},"end":{"line":145,"column":null}},"47":{"start":{"line":146,"column":12},"end":{"line":146,"column":null}},"48":{"start":{"line":150,"column":29},"end":{"line":150,"column":null}},"49":{"start":{"line":151,"column":8},"end":{"line":151,"column":null}},"50":{"start":{"line":152,"column":8},"end":{"line":152,"column":null}},"51":{"start":{"line":153,"column":8},"end":{"line":153,"column":null}},"52":{"start":{"line":157,"column":20},"end":{"line":157,"column":54}},"53":{"start":{"line":158,"column":21},"end":{"line":158,"column":null}},"54":{"start":{"line":160,"column":8},"end":{"line":168,"column":null}},"55":{"start":{"line":161,"column":18},"end":{"line":161,"column":63}},"56":{"start":{"line":162,"column":26},"end":{"line":162,"column":62}},"57":{"start":{"line":163,"column":12},"end":{"line":166,"column":null}},"58":{"start":{"line":164,"column":16},"end":{"line":166,"column":null}},"59":{"start":{"line":170,"column":8},"end":{"line":171,"column":null}},"60":{"start":{"line":171,"column":12},"end":{"line":171,"column":null}},"61":{"start":{"line":173,"column":8},"end":{"line":173,"column":null}},"62":{"start":{"line":174,"column":8},"end":{"line":174,"column":null}},"63":{"start":{"line":188,"column":8},"end":{"line":190,"column":null}},"64":{"start":{"line":189,"column":12},"end":{"line":189,"column":null}},"65":{"start":{"line":190,"column":12},"end":{"line":190,"column":null}},"66":{"start":{"line":193,"column":24},"end":{"line":193,"column":null}},"67":{"start":{"line":194,"column":34},"end":{"line":194,"column":null}},"68":{"start":{"line":195,"column":31},"end":{"line":195,"column":null}},"69":{"start":{"line":196,"column":22},"end":{"line":196,"column":49}},"70":{"start":{"line":197,"column":14},"end":{"line":197,"column":66}},"71":{"start":{"line":200,"column":29},"end":{"line":200,"column":null}},"72":{"start":{"line":203,"column":41},"end":{"line":203,"column":43}},"73":{"start":{"line":205,"column":8},"end":{"line":229,"column":null}},"74":{"start":{"line":207,"column":34},"end":{"line":207,"column":74}},"75":{"start":{"line":208,"column":12},"end":{"line":212,"column":null}},"76":{"start":{"line":209,"column":16},"end":{"line":212,"column":null}},"77":{"start":{"line":215,"column":12},"end":{"line":224,"column":null}},"78":{"start":{"line":216,"column":101},"end":{"line":217,"column":null}},"79":{"start":{"line":219,"column":16},"end":{"line":220,"column":null}},"80":{"start":{"line":220,"column":20},"end":{"line":220,"column":null}},"81":{"start":{"line":222,"column":16},"end":{"line":222,"column":null}},"82":{"start":{"line":224,"column":16},"end":{"line":224,"column":null}},"83":{"start":{"line":228,"column":31},"end":{"line":228,"column":null}},"84":{"start":{"line":229,"column":12},"end":{"line":229,"column":null}},"85":{"start":{"line":232,"column":8},"end":{"line":277,"column":null}},"86":{"start":{"line":233,"column":29},"end":{"line":240,"column":null}},"87":{"start":{"line":242,"column":27},"end":{"line":244,"column":62}},"88":{"start":{"line":246,"column":27},"end":{"line":246,"column":null}},"89":{"start":{"line":248,"column":12},"end":{"line":269,"column":null}},"90":{"start":{"line":249,"column":16},"end":{"line":269,"column":null}},"91":{"start":{"line":251,"column":24},"end":{"line":251,"column":null}},"92":{"start":{"line":252,"column":24},"end":{"line":252,"column":null}},"93":{"start":{"line":254,"column":24},"end":{"line":254,"column":null}},"94":{"start":{"line":255,"column":24},"end":{"line":255,"column":null}},"95":{"start":{"line":257,"column":34},"end":{"line":257,"column":null}},"96":{"start":{"line":258,"column":34},"end":{"line":258,"column":79}},"97":{"start":{"line":259,"column":24},"end":{"line":259,"column":null}},"98":{"start":{"line":260,"column":24},"end":{"line":260,"column":null}},"99":{"start":{"line":263,"column":24},"end":{"line":263,"column":null}},"100":{"start":{"line":264,"column":24},"end":{"line":264,"column":null}},"101":{"start":{"line":265,"column":24},"end":{"line":265,"column":null}},"102":{"start":{"line":267,"column":24},"end":{"line":267,"column":null}},"103":{"start":{"line":268,"column":24},"end":{"line":268,"column":null}},"104":{"start":{"line":269,"column":24},"end":{"line":269,"column":null}},"105":{"start":{"line":273,"column":12},"end":{"line":273,"column":null}},"106":{"start":{"line":275,"column":12},"end":{"line":275,"column":null}},"107":{"start":{"line":275,"column":67},"end":{"line":275,"column":null}},"108":{"start":{"line":276,"column":12},"end":{"line":276,"column":null}},"109":{"start":{"line":277,"column":12},"end":{"line":277,"column":null}},"110":{"start":{"line":287,"column":8},"end":{"line":287,"column":null}},"111":{"start":{"line":287,"column":27},"end":{"line":287,"column":null}},"112":{"start":{"line":288,"column":24},"end":{"line":288,"column":null}},"113":{"start":{"line":289,"column":22},"end":{"line":289,"column":null}},"114":{"start":{"line":290,"column":8},"end":{"line":302,"column":null}},"115":{"start":{"line":291,"column":29},"end":{"line":298,"column":14}},"116":{"start":{"line":299,"column":12},"end":{"line":299,"column":null}},"117":{"start":{"line":301,"column":24},"end":{"line":301,"column":72}},"118":{"start":{"line":302,"column":12},"end":{"line":302,"column":null}},"119":{"start":{"line":311,"column":8},"end":{"line":311,"column":null}},"120":{"start":{"line":311,"column":27},"end":{"line":311,"column":null}},"121":{"start":{"line":312,"column":24},"end":{"line":312,"column":null}},"122":{"start":{"line":313,"column":8},"end":{"line":322,"column":null}},"123":{"start":{"line":314,"column":29},"end":{"line":319,"column":14}},"124":{"start":{"line":320,"column":12},"end":{"line":320,"column":null}},"125":{"start":{"line":322,"column":12},"end":{"line":322,"column":null}}},"fnMap":{"0":{"name":"registerTool","decl":{"start":{"line":38,"column":16},"end":{"line":38,"column":29}},"loc":{"start":{"line":38,"column":47},"end":{"line":40,"column":null}},"line":38},"1":{"name":"getToolRegistry","decl":{"start":{"line":43,"column":16},"end":{"line":43,"column":53}},"loc":{"start":{"line":43,"column":53},"end":{"line":44,"column":null}},"line":43},"2":{"name":"resolveModel","decl":{"start":{"line":50,"column":16},"end":{"line":50,"column":29}},"loc":{"start":{"line":50,"column":52},"end":{"line":51,"column":null}},"line":50},"3":{"name":"isDeepSeekModel","decl":{"start":{"line":55,"column":9},"end":{"line":55,"column":25}},"loc":{"start":{"line":55,"column":51},"end":{"line":56,"column":null}},"line":55},"4":{"name":"createModel","decl":{"start":{"line":60,"column":9},"end":{"line":60,"column":21}},"loc":{"start":{"line":60,"column":53},"end":{"line":69,"column":null}},"line":60},"5":{"name":"loadSystemInstruction","decl":{"start":{"line":79,"column":22},"end":{"line":79,"column":44}},"loc":{"start":{"line":79,"column":107},"end":{"line":109,"column":null}},"line":79},"6":{"name":"buildTenantSystemInstruction","decl":{"start":{"line":118,"column":22},"end":{"line":118,"column":51}},"loc":{"start":{"line":118,"column":85},"end":{"line":134,"column":null}},"line":118},"7":{"name":"(anonymous_7)","decl":{"start":{"line":143,"column":4},"end":{"line":143,"column":18}},"loc":{"start":{"line":143,"column":18},"end":{"line":153,"column":null}},"line":143},"8":{"name":"(anonymous_8)","decl":{"start":{"line":156,"column":18},"end":{"line":156,"column":30}},"loc":{"start":{"line":156,"column":99},"end":{"line":174,"column":null}},"line":156},"9":{"name":"(anonymous_9)","decl":{"start":{"line":179,"column":10},"end":{"line":179,"column":null}},"loc":{"start":{"line":187,"column":30},"end":{"line":277,"column":null}},"line":187},"10":{"name":"(anonymous_10)","decl":{"start":{"line":282,"column":10},"end":{"line":282,"column":null}},"loc":{"start":{"line":286,"column":30},"end":{"line":302,"column":null}},"line":286},"11":{"name":"(anonymous_11)","decl":{"start":{"line":307,"column":10},"end":{"line":307,"column":null}},"loc":{"start":{"line":310,"column":30},"end":{"line":322,"column":null}},"line":310},"12":{"name":"(anonymous_12)","decl":{"start":{"line":327,"column":4},"end":{"line":327,"column":18}},"loc":{"start":{"line":327,"column":18},"end":{"line":327,"column":null}},"line":327}},"branchMap":{"0":{"loc":{"start":{"line":51,"column":11},"end":{"line":51,"column":null}},"type":"binary-expr","locations":[{"start":{"line":51,"column":11},"end":{"line":51,"column":35}},{"start":{"line":51,"column":35},"end":{"line":51,"column":null}}],"line":51},"1":{"loc":{"start":{"line":61,"column":4},"end":{"line":66,"column":null}},"type":"if","locations":[{"start":{"line":61,"column":4},"end":{"line":66,"column":null}},{"start":{},"end":{}}],"line":61},"2":{"loc":{"start":{"line":90,"column":20},"end":{"line":92,"column":null}},"type":"if","locations":[{"start":{"line":90,"column":20},"end":{"line":92,"column":null}},{"start":{},"end":{}}],"line":90},"3":{"loc":{"start":{"line":124,"column":4},"end":{"line":124,"column":null}},"type":"if","locations":[{"start":{"line":124,"column":4},"end":{"line":124,"column":null}},{"start":{},"end":{}}],"line":124},"4":{"loc":{"start":{"line":129,"column":8},"end":{"line":130,"column":null}},"type":"if","locations":[{"start":{"line":129,"column":8},"end":{"line":130,"column":null}},{"start":{},"end":{}}],"line":129},"5":{"loc":{"start":{"line":144,"column":8},"end":{"line":146,"column":null}},"type":"if","locations":[{"start":{"line":144,"column":8},"end":{"line":146,"column":null}},{"start":{},"end":{}}],"line":144},"6":{"loc":{"start":{"line":144,"column":12},"end":{"line":144,"column":50}},"type":"binary-expr","locations":[{"start":{"line":144,"column":12},"end":{"line":144,"column":31}},{"start":{"line":144,"column":31},"end":{"line":144,"column":50}}],"line":144},"7":{"loc":{"start":{"line":150,"column":29},"end":{"line":150,"column":null}},"type":"cond-expr","locations":[{"start":{"line":150,"column":46},"end":{"line":150,"column":56}},{"start":{"line":150,"column":56},"end":{"line":150,"column":null}}],"line":150},"8":{"loc":{"start":{"line":151,"column":36},"end":{"line":151,"column":69}},"type":"binary-expr","locations":[{"start":{"line":151,"column":36},"end":{"line":151,"column":56}},{"start":{"line":151,"column":56},"end":{"line":151,"column":69}}],"line":151},"9":{"loc":{"start":{"line":163,"column":12},"end":{"line":166,"column":null}},"type":"if","locations":[{"start":{"line":163,"column":12},"end":{"line":166,"column":null}},{"start":{},"end":{}}],"line":163},"10":{"loc":{"start":{"line":170,"column":8},"end":{"line":171,"column":null}},"type":"if","locations":[{"start":{"line":170,"column":8},"end":{"line":171,"column":null}},{"start":{},"end":{}}],"line":170},"11":{"loc":{"start":{"line":188,"column":8},"end":{"line":190,"column":null}},"type":"if","locations":[{"start":{"line":188,"column":8},"end":{"line":190,"column":null}},{"start":{},"end":{}}],"line":188},"12":{"loc":{"start":{"line":194,"column":34},"end":{"line":194,"column":null}},"type":"binary-expr","locations":[{"start":{"line":194,"column":34},"end":{"line":194,"column":63}},{"start":{"line":194,"column":63},"end":{"line":194,"column":null}}],"line":194},"13":{"loc":{"start":{"line":195,"column":31},"end":{"line":195,"column":null}},"type":"cond-expr","locations":[{"start":{"line":195,"column":47},"end":{"line":195,"column":74}},{"start":{"line":195,"column":77},"end":{"line":195,"column":null}}],"line":195},"14":{"loc":{"start":{"line":200,"column":29},"end":{"line":200,"column":null}},"type":"binary-expr","locations":[{"start":{"line":200,"column":29},"end":{"line":200,"column":63}},{"start":{"line":200,"column":67},"end":{"line":200,"column":103}},{"start":{"line":200,"column":96},"end":{"line":200,"column":null}}],"line":200},"15":{"loc":{"start":{"line":200,"column":103},"end":{"line":200,"column":126}},"type":"binary-expr","locations":[{"start":{"line":200,"column":103},"end":{"line":200,"column":121}},{"start":{"line":200,"column":121},"end":{"line":200,"column":126}}],"line":200},"16":{"loc":{"start":{"line":205,"column":8},"end":{"line":229,"column":null}},"type":"if","locations":[{"start":{"line":205,"column":8},"end":{"line":229,"column":null}},{"start":{"line":226,"column":15},"end":{"line":229,"column":null}}],"line":205},"17":{"loc":{"start":{"line":210,"column":26},"end":{"line":210,"column":null}},"type":"cond-expr","locations":[{"start":{"line":210,"column":53},"end":{"line":210,"column":67}},{"start":{"line":210,"column":67},"end":{"line":210,"column":null}}],"line":210},"18":{"loc":{"start":{"line":215,"column":12},"end":{"line":224,"column":null}},"type":"if","locations":[{"start":{"line":215,"column":12},"end":{"line":224,"column":null}},{"start":{"line":223,"column":19},"end":{"line":224,"column":null}}],"line":215},"19":{"loc":{"start":{"line":228,"column":31},"end":{"line":228,"column":null}},"type":"cond-expr","locations":[{"start":{"line":228,"column":73},"end":{"line":228,"column":95}},{"start":{"line":228,"column":95},"end":{"line":228,"column":null}}],"line":228},"20":{"loc":{"start":{"line":229,"column":62},"end":{"line":229,"column":86}},"type":"binary-expr","locations":[{"start":{"line":229,"column":62},"end":{"line":229,"column":76}},{"start":{"line":229,"column":76},"end":{"line":229,"column":86}}],"line":229},"21":{"loc":{"start":{"line":242,"column":27},"end":{"line":244,"column":62}},"type":"cond-expr","locations":[{"start":{"line":242,"column":27},"end":{"line":243,"column":55}},{"start":{"line":243,"column":55},"end":{"line":244,"column":62}}],"line":242},"22":{"loc":{"start":{"line":249,"column":16},"end":{"line":269,"column":null}},"type":"switch","locations":[{"start":{"line":250,"column":20},"end":{"line":252,"column":null}},{"start":{"line":253,"column":20},"end":{"line":255,"column":null}},{"start":{"line":256,"column":20},"end":{"line":260,"column":null}},{"start":{"line":262,"column":20},"end":{"line":265,"column":null}},{"start":{"line":266,"column":20},"end":{"line":269,"column":null}}],"line":249},"23":{"loc":{"start":{"line":258,"column":34},"end":{"line":258,"column":79}},"type":"cond-expr","locations":[{"start":{"line":258,"column":58},"end":{"line":258,"column":62}},{"start":{"line":258,"column":62},"end":{"line":258,"column":79}}],"line":258},"24":{"loc":{"start":{"line":268,"column":78},"end":{"line":268,"column":147}},"type":"cond-expr","locations":[{"start":{"line":268,"column":108},"end":{"line":268,"column":129}},{"start":{"line":268,"column":129},"end":{"line":268,"column":147}}],"line":268},"25":{"loc":{"start":{"line":273,"column":19},"end":{"line":273,"column":null}},"type":"binary-expr","locations":[{"start":{"line":273,"column":19},"end":{"line":273,"column":31}},{"start":{"line":273,"column":31},"end":{"line":273,"column":null}}],"line":273},"26":{"loc":{"start":{"line":275,"column":12},"end":{"line":275,"column":null}},"type":"if","locations":[{"start":{"line":275,"column":12},"end":{"line":275,"column":null}},{"start":{},"end":{}}],"line":275},"27":{"loc":{"start":{"line":275,"column":16},"end":{"line":275,"column":67}},"type":"binary-expr","locations":[{"start":{"line":275,"column":16},"end":{"line":275,"column":40}},{"start":{"line":275,"column":40},"end":{"line":275,"column":67}}],"line":275},"28":{"loc":{"start":{"line":287,"column":8},"end":{"line":287,"column":null}},"type":"if","locations":[{"start":{"line":287,"column":8},"end":{"line":287,"column":null}},{"start":{},"end":{}}],"line":287},"29":{"loc":{"start":{"line":288,"column":24},"end":{"line":288,"column":null}},"type":"cond-expr","locations":[{"start":{"line":288,"column":41},"end":{"line":288,"column":68}},{"start":{"line":288,"column":71},"end":{"line":288,"column":null}}],"line":288},"30":{"loc":{"start":{"line":289,"column":22},"end":{"line":289,"column":null}},"type":"binary-expr","locations":[{"start":{"line":289,"column":22},"end":{"line":289,"column":43}},{"start":{"line":289,"column":43},"end":{"line":289,"column":null}}],"line":289},"31":{"loc":{"start":{"line":295,"column":29},"end":{"line":295,"column":null}},"type":"binary-expr","locations":[{"start":{"line":295,"column":29},"end":{"line":295,"column":53}},{"start":{"line":295,"column":53},"end":{"line":295,"column":null}}],"line":295},"32":{"loc":{"start":{"line":299,"column":19},"end":{"line":299,"column":null}},"type":"binary-expr","locations":[{"start":{"line":299,"column":19},"end":{"line":299,"column":27}},{"start":{"line":299,"column":27},"end":{"line":299,"column":null}}],"line":299},"33":{"loc":{"start":{"line":301,"column":24},"end":{"line":301,"column":72}},"type":"cond-expr","locations":[{"start":{"line":301,"column":47},"end":{"line":301,"column":61}},{"start":{"line":301,"column":61},"end":{"line":301,"column":72}}],"line":301},"34":{"loc":{"start":{"line":311,"column":8},"end":{"line":311,"column":null}},"type":"if","locations":[{"start":{"line":311,"column":8},"end":{"line":311,"column":null}},{"start":{},"end":{}}],"line":311},"35":{"loc":{"start":{"line":312,"column":24},"end":{"line":312,"column":null}},"type":"cond-expr","locations":[{"start":{"line":312,"column":41},"end":{"line":312,"column":68}},{"start":{"line":312,"column":71},"end":{"line":312,"column":null}}],"line":312},"36":{"loc":{"start":{"line":320,"column":19},"end":{"line":320,"column":null}},"type":"binary-expr","locations":[{"start":{"line":320,"column":19},"end":{"line":320,"column":27}},{"start":{"line":320,"column":27},"end":{"line":320,"column":null}}],"line":320}},"s":{"0":2,"1":2,"2":0,"3":0,"4":0,"5":5,"6":0,"7":0,"8":0,"9":0,"10":0,"11":0,"12":6,"13":6,"14":8,"15":8,"16":4,"17":4,"18":4,"19":12,"20":12,"21":2,"22":2,"23":2,"24":4,"25":4,"26":4,"27":2,"28":2,"29":2,"30":1,"31":1,"32":1,"33":2,"34":2,"35":2,"36":2,"37":2,"38":2,"39":2,"40":1,"41":1,"42":2,"43":1,"44":1,"45":1,"46":0,"47":0,"48":1,"49":1,"50":1,"51":1,"52":0,"53":0,"54":0,"55":0,"56":0,"57":0,"58":0,"59":0,"60":0,"61":0,"62":0,"63":0,"64":0,"65":0,"66":0,"67":0,"68":0,"69":0,"70":0,"71":0,"72":0,"73":0,"74":0,"75":0,"76":0,"77":0,"78":0,"79":0,"80":0,"81":0,"82":0,"83":0,"84":0,"85":0,"86":0,"87":0,"88":0,"89":0,"90":0,"91":0,"92":0,"93":0,"94":0,"95":0,"96":0,"97":0,"98":0,"99":0,"100":0,"101":0,"102":0,"103":0,"104":0,"105":0,"106":0,"107":0,"108":0,"109":0,"110":0,"111":0,"112":0,"113":0,"114":0,"115":0,"116":0,"117":0,"118":0,"119":0,"120":0,"121":0,"122":0,"123":0,"124":0,"125":0},"f":{"0":0,"1":0,"2":5,"3":0,"4":0,"5":6,"6":2,"7":1,"8":0,"9":0,"10":0,"11":0,"12":0},"b":{"0":[5,1],"1":[0,0],"2":[2,0],"3":[2,0],"4":[1,0],"5":[0,1],"6":[1,0],"7":[1,0],"8":[1,1],"9":[0,0],"10":[0,0],"11":[0,0],"12":[0,0],"13":[0,0],"14":[0,0,0],"15":[0,0],"16":[0,0],"17":[0,0],"18":[0,0],"19":[0,0],"20":[0,0],"21":[0,0],"22":[0,0,0,0,0],"23":[0,0],"24":[0,0],"25":[0,0],"26":[0,0],"27":[0,0],"28":[0,0],"29":[0,0],"30":[0,0],"31":[0,0],"32":[0,0],"33":[0,0],"34":[0,0],"35":[0,0],"36":[0,0]},"meta":{"lastBranch":37,"lastFunction":13,"lastStatement":126,"seen":{"s:32:0:32:Infinity":0,"s:36:21:36:44":1,"f:38:16:38:29":0,"s:39:4:39:Infinity":2,"s:40:4:40:Infinity":3,"f:43:16:43:53":1,"s:44:4:44:Infinity":4,"f:50:16:50:29":2,"s:51:4:51:Infinity":5,"b:51:11:51:35:51:35:51:Infinity":0,"f:55:9:55:25":3,"s:56:4:56:Infinity":6,"f:60:9:60:21":4,"b:61:4:66:Infinity:undefined:undefined:undefined:undefined":1,"s:61:4:66:Infinity":7,"s:62:14:65:10":8,"s:66:8:66:Infinity":9,"s:68:10:68:71":10,"s:69:4:69:Infinity":11,"f:79:22:79:44":5,"s:80:17:80:61":12,"s:82:4:99:Infinity":13,"s:83:8:99:Infinity":14,"s:84:27:84:76":15,"s:85:36:85:51":16,"s:86:32:86:45":17,"s:87:12:94:Infinity":18,"s:88:16:94:Infinity":19,"s:89:36:89:78":20,"b:90:20:92:Infinity:undefined:undefined:undefined:undefined":2,"s:90:20:92:Infinity":21,"s:91:24:91:Infinity":22,"s:92:24:92:Infinity":23,"s:96:27:96:52":24,"s:97:12:97:Infinity":25,"s:98:12:98:Infinity":26,"s:102:4:107:Infinity":27,"s:103:8:107:Infinity":28,"s:104:28:104:76":29,"s:105:12:105:Infinity":30,"s:106:12:106:Infinity":31,"s:109:4:109:Infinity":32,"f:118:22:118:51":6,"s:119:10:119:45":33,"s:120:28:120:30":34,"s:123:15:123:62":35,"b:124:4:124:Infinity:undefined:undefined:undefined:undefined":3,"s:124:4:124:Infinity":36,"s:124:12:124:Infinity":37,"s:127:4:132:Infinity":38,"s:128:23:128:74":39,"b:129:8:130:Infinity:undefined:undefined:undefined:undefined":4,"s:129:8:130:Infinity":40,"s:130:12:130:Infinity":41,"s:134:4:134:Infinity":42,"s:140:22:140:Infinity":43,"s:141:22:141:Infinity":44,"f:143:4:143:18":7,"b:144:8:146:Infinity:undefined:undefined:undefined:undefined":5,"s:144:8:146:Infinity":45,"b:144:12:144:31:144:31:144:50":6,"s:145:12:145:Infinity":46,"s:146:12:146:Infinity":47,"s:150:29:150:Infinity":48,"b:150:46:150:56:150:56:150:Infinity":7,"s:151:8:151:Infinity":49,"b:151:36:151:56:151:56:151:69":8,"s:152:8:152:Infinity":50,"s:153:8:153:Infinity":51,"f:156:18:156:30":8,"s:157:20:157:54":52,"s:158:21:158:Infinity":53,"s:160:8:168:Infinity":54,"s:161:18:161:63":55,"s:162:26:162:62":56,"b:163:12:166:Infinity:undefined:undefined:undefined:undefined":9,"s:163:12:166:Infinity":57,"s:164:16:166:Infinity":58,"b:170:8:171:Infinity:undefined:undefined:undefined:undefined":10,"s:170:8:171:Infinity":59,"s:171:12:171:Infinity":60,"s:173:8:173:Infinity":61,"s:174:8:174:Infinity":62,"f:179:10:179:Infinity":9,"b:188:8:190:Infinity:undefined:undefined:undefined:undefined":11,"s:188:8:190:Infinity":63,"s:189:12:189:Infinity":64,"s:190:12:190:Infinity":65,"s:193:24:193:Infinity":66,"s:194:34:194:Infinity":67,"b:194:34:194:63:194:63:194:Infinity":12,"s:195:31:195:Infinity":68,"b:195:47:195:74:195:77:195:Infinity":13,"s:196:22:196:49":69,"s:197:14:197:66":70,"s:200:29:200:Infinity":71,"b:200:29:200:63:200:67:200:103:200:96:200:Infinity":14,"b:200:103:200:121:200:121:200:126":15,"s:203:41:203:43":72,"b:205:8:229:Infinity:226:15:229:Infinity":16,"s:205:8:229:Infinity":73,"s:207:34:207:74":74,"s:208:12:212:Infinity":75,"s:209:16:212:Infinity":76,"b:210:53:210:67:210:67:210:Infinity":17,"b:215:12:224:Infinity:223:19:224:Infinity":18,"s:215:12:224:Infinity":77,"s:216:101:217:Infinity":78,"s:219:16:220:Infinity":79,"s:220:20:220:Infinity":80,"s:222:16:222:Infinity":81,"s:224:16:224:Infinity":82,"s:228:31:228:Infinity":83,"b:228:73:228:95:228:95:228:Infinity":19,"s:229:12:229:Infinity":84,"b:229:62:229:76:229:76:229:86":20,"s:232:8:277:Infinity":85,"s:233:29:240:Infinity":86,"s:242:27:244:62":87,"b:242:27:243:55:243:55:244:62":21,"s:246:27:246:Infinity":88,"s:248:12:269:Infinity":89,"b:250:20:252:Infinity:253:20:255:Infinity:256:20:260:Infinity:262:20:265:Infinity:266:20:269:Infinity":22,"s:249:16:269:Infinity":90,"s:251:24:251:Infinity":91,"s:252:24:252:Infinity":92,"s:254:24:254:Infinity":93,"s:255:24:255:Infinity":94,"s:257:34:257:Infinity":95,"s:258:34:258:79":96,"b:258:58:258:62:258:62:258:79":23,"s:259:24:259:Infinity":97,"s:260:24:260:Infinity":98,"s:263:24:263:Infinity":99,"s:264:24:264:Infinity":100,"s:265:24:265:Infinity":101,"s:267:24:267:Infinity":102,"s:268:24:268:Infinity":103,"b:268:108:268:129:268:129:268:147":24,"s:269:24:269:Infinity":104,"s:273:12:273:Infinity":105,"b:273:19:273:31:273:31:273:Infinity":25,"b:275:12:275:Infinity:undefined:undefined:undefined:undefined":26,"s:275:12:275:Infinity":106,"b:275:16:275:40:275:40:275:67":27,"s:275:67:275:Infinity":107,"s:276:12:276:Infinity":108,"s:277:12:277:Infinity":109,"f:282:10:282:Infinity":10,"b:287:8:287:Infinity:undefined:undefined:undefined:undefined":28,"s:287:8:287:Infinity":110,"s:287:27:287:Infinity":111,"s:288:24:288:Infinity":112,"b:288:41:288:68:288:71:288:Infinity":29,"s:289:22:289:Infinity":113,"b:289:22:289:43:289:43:289:Infinity":30,"s:290:8:302:Infinity":114,"s:291:29:298:14":115,"b:295:29:295:53:295:53:295:Infinity":31,"s:299:12:299:Infinity":116,"b:299:19:299:27:299:27:299:Infinity":32,"s:301:24:301:72":117,"b:301:47:301:61:301:61:301:72":33,"s:302:12:302:Infinity":118,"f:307:10:307:Infinity":11,"b:311:8:311:Infinity:undefined:undefined:undefined:undefined":34,"s:311:8:311:Infinity":119,"s:311:27:311:Infinity":120,"s:312:24:312:Infinity":121,"b:312:41:312:68:312:71:312:Infinity":35,"s:313:8:322:Infinity":122,"s:314:29:319:14":123,"s:320:12:320:Infinity":124,"b:320:19:320:27:320:27:320:Infinity":36,"s:322:12:322:Infinity":125,"f:327:4:327:18":12}}}
,"/Users/mox/neo/src/platforms/telegram-bot.ts": {"path":"/Users/mox/neo/src/platforms/telegram-bot.ts","statementMap":{"0":{"start":{"line":10,"column":15},"end":{"line":10,"column":null}},"1":{"start":{"line":12,"column":29},"end":{"line":12,"column":null}},"2":{"start":{"line":23,"column":10},"end":{"line":23,"column":58}},"3":{"start":{"line":24,"column":4},"end":{"line":24,"column":null}},"4":{"start":{"line":24,"column":18},"end":{"line":24,"column":null}},"5":{"start":{"line":26,"column":10},"end":{"line":26,"column":28}},"6":{"start":{"line":27,"column":21},"end":{"line":27,"column":55}},"7":{"start":{"line":27,"column":39},"end":{"line":27,"column":55}},"8":{"start":{"line":28,"column":4},"end":{"line":28,"column":null}},"9":{"start":{"line":28,"column":18},"end":{"line":28,"column":null}},"10":{"start":{"line":30,"column":4},"end":{"line":31,"column":null}},"11":{"start":{"line":31,"column":8},"end":{"line":31,"column":null}},"12":{"start":{"line":31,"column":32},"end":{"line":31,"column":null}},"13":{"start":{"line":34,"column":4},"end":{"line":34,"column":null}},"14":{"start":{"line":38,"column":4},"end":{"line":40,"column":null}},"15":{"start":{"line":39,"column":8},"end":{"line":39,"column":null}},"16":{"start":{"line":40,"column":8},"end":{"line":40,"column":null}},"17":{"start":{"line":43,"column":16},"end":{"line":43,"column":48}},"18":{"start":{"line":45,"column":4},"end":{"line":45,"column":null}},"19":{"start":{"line":45,"column":23},"end":{"line":45,"column":69}},"20":{"start":{"line":53,"column":8},"end":{"line":53,"column":null}},"21":{"start":{"line":55,"column":8},"end":{"line":84,"column":null}},"22":{"start":{"line":56,"column":23},"end":{"line":56,"column":33}},"23":{"start":{"line":57,"column":12},"end":{"line":82,"column":null}},"24":{"start":{"line":58,"column":31},"end":{"line":66,"column":18}},"25":{"start":{"line":63,"column":39},"end":{"line":63,"column":66}},"26":{"start":{"line":64,"column":24},"end":{"line":64,"column":null}},"27":{"start":{"line":67,"column":32},"end":{"line":67,"column":null}},"28":{"start":{"line":68,"column":16},"end":{"line":68,"column":null}},"29":{"start":{"line":69,"column":29},"end":{"line":69,"column":null}},"30":{"start":{"line":70,"column":16},"end":{"line":75,"column":null}},"31":{"start":{"line":71,"column":26},"end":{"line":71,"column":61}},"32":{"start":{"line":72,"column":20},"end":{"line":75,"column":null}},"33":{"start":{"line":73,"column":24},"end":{"line":73,"column":null}},"34":{"start":{"line":75,"column":24},"end":{"line":75,"column":null}},"35":{"start":{"line":79,"column":32},"end":{"line":79,"column":null}},"36":{"start":{"line":80,"column":28},"end":{"line":80,"column":76}},"37":{"start":{"line":81,"column":16},"end":{"line":81,"column":null}},"38":{"start":{"line":82,"column":16},"end":{"line":82,"column":null}},"39":{"start":{"line":87,"column":4},"end":{"line":98,"column":null}},"40":{"start":{"line":88,"column":23},"end":{"line":88,"column":42}},"41":{"start":{"line":89,"column":23},"end":{"line":89,"column":52}},"42":{"start":{"line":90,"column":8},"end":{"line":92,"column":null}},"43":{"start":{"line":91,"column":12},"end":{"line":91,"column":null}},"44":{"start":{"line":92,"column":12},"end":{"line":92,"column":null}},"45":{"start":{"line":94,"column":26},"end":{"line":94,"column":null}},"46":{"start":{"line":95,"column":8},"end":{"line":95,"column":null}},"47":{"start":{"line":96,"column":8},"end":{"line":96,"column":null}},"48":{"start":{"line":97,"column":8},"end":{"line":97,"column":null}},"49":{"start":{"line":100,"column":4},"end":{"line":115,"column":null}},"50":{"start":{"line":101,"column":23},"end":{"line":101,"column":42}},"51":{"start":{"line":102,"column":23},"end":{"line":102,"column":52}},"52":{"start":{"line":103,"column":8},"end":{"line":105,"column":null}},"53":{"start":{"line":104,"column":12},"end":{"line":104,"column":null}},"54":{"start":{"line":105,"column":12},"end":{"line":105,"column":null}},"55":{"start":{"line":108,"column":26},"end":{"line":108,"column":49}},"56":{"start":{"line":109,"column":8},"end":{"line":109,"column":null}},"57":{"start":{"line":109,"column":24},"end":{"line":109,"column":null}},"58":{"start":{"line":111,"column":26},"end":{"line":111,"column":null}},"59":{"start":{"line":112,"column":8},"end":{"line":112,"column":null}},"60":{"start":{"line":114,"column":8},"end":{"line":114,"column":null}},"61":{"start":{"line":118,"column":4},"end":{"line":144,"column":null}},"62":{"start":{"line":119,"column":23},"end":{"line":119,"column":42}},"63":{"start":{"line":120,"column":23},"end":{"line":120,"column":52}},"64":{"start":{"line":121,"column":8},"end":{"line":123,"column":null}},"65":{"start":{"line":122,"column":12},"end":{"line":122,"column":null}},"66":{"start":{"line":123,"column":12},"end":{"line":123,"column":null}},"67":{"start":{"line":126,"column":26},"end":{"line":126,"column":null}},"68":{"start":{"line":128,"column":20},"end":{"line":128,"column":null}},"69":{"start":{"line":129,"column":24},"end":{"line":129,"column":null}},"70":{"start":{"line":130,"column":24},"end":{"line":130,"column":null}},"71":{"start":{"line":132,"column":8},"end":{"line":142,"column":null}},"72":{"start":{"line":133,"column":29},"end":{"line":133,"column":76}},"73":{"start":{"line":134,"column":28},"end":{"line":136,"column":null}},"74":{"start":{"line":138,"column":12},"end":{"line":138,"column":null}},"75":{"start":{"line":139,"column":12},"end":{"line":139,"column":null}},"76":{"start":{"line":141,"column":27},"end":{"line":141,"column":75}},"77":{"start":{"line":142,"column":12},"end":{"line":142,"column":null}},"78":{"start":{"line":147,"column":4},"end":{"line":173,"column":null}},"79":{"start":{"line":148,"column":23},"end":{"line":148,"column":42}},"80":{"start":{"line":149,"column":23},"end":{"line":149,"column":52}},"81":{"start":{"line":150,"column":8},"end":{"line":152,"column":null}},"82":{"start":{"line":151,"column":12},"end":{"line":151,"column":null}},"83":{"start":{"line":152,"column":12},"end":{"line":152,"column":null}},"84":{"start":{"line":155,"column":26},"end":{"line":155,"column":null}},"85":{"start":{"line":156,"column":20},"end":{"line":156,"column":null}},"86":{"start":{"line":157,"column":20},"end":{"line":157,"column":null}},"87":{"start":{"line":158,"column":24},"end":{"line":158,"column":null}},"88":{"start":{"line":160,"column":8},"end":{"line":171,"column":null}},"89":{"start":{"line":161,"column":29},"end":{"line":161,"column":72}},"90":{"start":{"line":162,"column":29},"end":{"line":162,"column":null}},"91":{"start":{"line":163,"column":28},"end":{"line":165,"column":null}},"92":{"start":{"line":167,"column":12},"end":{"line":167,"column":null}},"93":{"start":{"line":168,"column":12},"end":{"line":168,"column":null}},"94":{"start":{"line":170,"column":27},"end":{"line":170,"column":75}},"95":{"start":{"line":171,"column":12},"end":{"line":171,"column":null}},"96":{"start":{"line":176,"column":4},"end":{"line":197,"column":null}},"97":{"start":{"line":177,"column":23},"end":{"line":177,"column":42}},"98":{"start":{"line":178,"column":23},"end":{"line":178,"column":52}},"99":{"start":{"line":179,"column":8},"end":{"line":181,"column":null}},"100":{"start":{"line":180,"column":12},"end":{"line":180,"column":null}},"101":{"start":{"line":181,"column":12},"end":{"line":181,"column":null}},"102":{"start":{"line":184,"column":26},"end":{"line":184,"column":null}},"103":{"start":{"line":185,"column":20},"end":{"line":185,"column":null}},"104":{"start":{"line":186,"column":8},"end":{"line":195,"column":null}},"105":{"start":{"line":187,"column":29},"end":{"line":187,"column":78}},"106":{"start":{"line":188,"column":29},"end":{"line":188,"column":null}},"107":{"start":{"line":189,"column":28},"end":{"line":189,"column":null}},"108":{"start":{"line":191,"column":12},"end":{"line":191,"column":null}},"109":{"start":{"line":192,"column":12},"end":{"line":192,"column":null}},"110":{"start":{"line":194,"column":27},"end":{"line":194,"column":75}},"111":{"start":{"line":195,"column":12},"end":{"line":195,"column":null}},"112":{"start":{"line":199,"column":4},"end":{"line":199,"column":null}},"113":{"start":{"line":200,"column":4},"end":{"line":200,"column":null}},"114":{"start":{"line":202,"column":4},"end":{"line":210,"column":null}},"115":{"start":{"line":204,"column":12},"end":{"line":204,"column":null}},"116":{"start":{"line":207,"column":25},"end":{"line":207,"column":null}},"117":{"start":{"line":208,"column":12},"end":{"line":208,"column":null}}},"fnMap":{"0":{"name":"resolveTelegramUserId","decl":{"start":{"line":22,"column":9},"end":{"line":22,"column":31}},"loc":{"start":{"line":22,"column":62},"end":{"line":34,"column":null}},"line":22},"1":{"name":"(anonymous_1)","decl":{"start":{"line":27,"column":27},"end":{"line":27,"column":33}},"loc":{"start":{"line":27,"column":39},"end":{"line":27,"column":55}},"line":27},"2":{"name":"startTelegramBot","decl":{"start":{"line":37,"column":22},"end":{"line":37,"column":74}},"loc":{"start":{"line":37,"column":74},"end":{"line":210,"column":null}},"line":37},"3":{"name":"(anonymous_3)","decl":{"start":{"line":45,"column":8},"end":{"line":45,"column":15}},"loc":{"start":{"line":45,"column":23},"end":{"line":45,"column":69}},"line":45},"4":{"name":"handleAgentTurn","decl":{"start":{"line":49,"column":19},"end":{"line":49,"column":null}},"loc":{"start":{"line":52,"column":21},"end":{"line":84,"column":null}},"line":52},"5":{"name":"(anonymous_5)","decl":{"start":{"line":53,"column":43},"end":{"line":53,"column":55}},"loc":{"start":{"line":53,"column":55},"end":{"line":53,"column":58}},"line":53},"6":{"name":"(anonymous_6)","decl":{"start":{"line":55,"column":14},"end":{"line":55,"column":26}},"loc":{"start":{"line":55,"column":26},"end":{"line":84,"column":null}},"line":55},"7":{"name":"(anonymous_7)","decl":{"start":{"line":62,"column":29},"end":{"line":62,"column":36}},"loc":{"start":{"line":62,"column":90},"end":{"line":64,"column":null}},"line":62},"8":{"name":"(anonymous_8)","decl":{"start":{"line":82,"column":47},"end":{"line":82,"column":59}},"loc":{"start":{"line":82,"column":59},"end":{"line":82,"column":62}},"line":82},"9":{"name":"(anonymous_9)","decl":{"start":{"line":87,"column":23},"end":{"line":87,"column":30}},"loc":{"start":{"line":87,"column":38},"end":{"line":98,"column":null}},"line":87},"10":{"name":"(anonymous_10)","decl":{"start":{"line":95,"column":47},"end":{"line":95,"column":59}},"loc":{"start":{"line":95,"column":59},"end":{"line":95,"column":62}},"line":95},"11":{"name":"(anonymous_11)","decl":{"start":{"line":100,"column":19},"end":{"line":100,"column":26}},"loc":{"start":{"line":100,"column":34},"end":{"line":115,"column":null}},"line":100},"12":{"name":"(anonymous_12)","decl":{"start":{"line":118,"column":29},"end":{"line":118,"column":36}},"loc":{"start":{"line":118,"column":44},"end":{"line":144,"column":null}},"line":118},"13":{"name":"(anonymous_13)","decl":{"start":{"line":142,"column":48},"end":{"line":142,"column":60}},"loc":{"start":{"line":142,"column":60},"end":{"line":142,"column":63}},"line":142},"14":{"name":"(anonymous_14)","decl":{"start":{"line":147,"column":32},"end":{"line":147,"column":39}},"loc":{"start":{"line":147,"column":47},"end":{"line":173,"column":null}},"line":147},"15":{"name":"(anonymous_15)","decl":{"start":{"line":171,"column":48},"end":{"line":171,"column":60}},"loc":{"start":{"line":171,"column":60},"end":{"line":171,"column":63}},"line":171},"16":{"name":"(anonymous_16)","decl":{"start":{"line":176,"column":29},"end":{"line":176,"column":36}},"loc":{"start":{"line":176,"column":44},"end":{"line":197,"column":null}},"line":176},"17":{"name":"(anonymous_17)","decl":{"start":{"line":195,"column":48},"end":{"line":195,"column":60}},"loc":{"start":{"line":195,"column":60},"end":{"line":195,"column":63}},"line":195},"18":{"name":"(anonymous_18)","decl":{"start":{"line":203,"column":8},"end":{"line":203,"column":21}},"loc":{"start":{"line":203,"column":21},"end":{"line":204,"column":null}},"line":203},"19":{"name":"(anonymous_19)","decl":{"start":{"line":206,"column":14},"end":{"line":206,"column":26}},"loc":{"start":{"line":206,"column":113},"end":{"line":208,"column":null}},"line":206}},"branchMap":{"0":{"loc":{"start":{"line":24,"column":4},"end":{"line":24,"column":null}},"type":"if","locations":[{"start":{"line":24,"column":4},"end":{"line":24,"column":null}},{"start":{},"end":{}}],"line":24},"1":{"loc":{"start":{"line":28,"column":4},"end":{"line":28,"column":null}},"type":"if","locations":[{"start":{"line":28,"column":4},"end":{"line":28,"column":null}},{"start":{},"end":{}}],"line":28},"2":{"loc":{"start":{"line":30,"column":4},"end":{"line":31,"column":null}},"type":"if","locations":[{"start":{"line":30,"column":4},"end":{"line":31,"column":null}},{"start":{},"end":{}}],"line":30},"3":{"loc":{"start":{"line":30,"column":8},"end":{"line":30,"column":57}},"type":"binary-expr","locations":[{"start":{"line":30,"column":8},"end":{"line":30,"column":28}},{"start":{"line":30,"column":28},"end":{"line":30,"column":57}}],"line":30},"4":{"loc":{"start":{"line":31,"column":8},"end":{"line":31,"column":null}},"type":"if","locations":[{"start":{"line":31,"column":8},"end":{"line":31,"column":null}},{"start":{},"end":{}}],"line":31},"5":{"loc":{"start":{"line":38,"column":4},"end":{"line":40,"column":null}},"type":"if","locations":[{"start":{"line":38,"column":4},"end":{"line":40,"column":null}},{"start":{},"end":{}}],"line":38},"6":{"loc":{"start":{"line":64,"column":69},"end":{"line":64,"column":103}},"type":"cond-expr","locations":[{"start":{"line":64,"column":79},"end":{"line":64,"column":90}},{"start":{"line":64,"column":93},"end":{"line":64,"column":103}}],"line":64},"7":{"loc":{"start":{"line":69,"column":29},"end":{"line":69,"column":null}},"type":"binary-expr","locations":[{"start":{"line":69,"column":29},"end":{"line":69,"column":39}},{"start":{"line":69,"column":39},"end":{"line":69,"column":null}}],"line":69},"8":{"loc":{"start":{"line":80,"column":28},"end":{"line":80,"column":76}},"type":"cond-expr","locations":[{"start":{"line":80,"column":51},"end":{"line":80,"column":65}},{"start":{"line":80,"column":65},"end":{"line":80,"column":76}}],"line":80},"9":{"loc":{"start":{"line":81,"column":98},"end":{"line":81,"column":144}},"type":"cond-expr","locations":[{"start":{"line":81,"column":121},"end":{"line":81,"column":133}},{"start":{"line":81,"column":133},"end":{"line":81,"column":144}}],"line":81},"10":{"loc":{"start":{"line":90,"column":8},"end":{"line":92,"column":null}},"type":"if","locations":[{"start":{"line":90,"column":8},"end":{"line":92,"column":null}},{"start":{},"end":{}}],"line":90},"11":{"loc":{"start":{"line":103,"column":8},"end":{"line":105,"column":null}},"type":"if","locations":[{"start":{"line":103,"column":8},"end":{"line":105,"column":null}},{"start":{},"end":{}}],"line":103},"12":{"loc":{"start":{"line":109,"column":8},"end":{"line":109,"column":null}},"type":"if","locations":[{"start":{"line":109,"column":8},"end":{"line":109,"column":null}},{"start":{},"end":{}}],"line":109},"13":{"loc":{"start":{"line":121,"column":8},"end":{"line":123,"column":null}},"type":"if","locations":[{"start":{"line":121,"column":8},"end":{"line":123,"column":null}},{"start":{},"end":{}}],"line":121},"14":{"loc":{"start":{"line":130,"column":24},"end":{"line":130,"column":null}},"type":"binary-expr","locations":[{"start":{"line":130,"column":24},"end":{"line":130,"column":39}},{"start":{"line":130,"column":39},"end":{"line":130,"column":null}}],"line":130},"15":{"loc":{"start":{"line":134,"column":28},"end":{"line":136,"column":null}},"type":"cond-expr","locations":[{"start":{"line":135,"column":18},"end":{"line":135,"column":null}},{"start":{"line":136,"column":18},"end":{"line":136,"column":null}}],"line":134},"16":{"loc":{"start":{"line":141,"column":27},"end":{"line":141,"column":75}},"type":"cond-expr","locations":[{"start":{"line":141,"column":50},"end":{"line":141,"column":64}},{"start":{"line":141,"column":64},"end":{"line":141,"column":75}}],"line":141},"17":{"loc":{"start":{"line":150,"column":8},"end":{"line":152,"column":null}},"type":"if","locations":[{"start":{"line":150,"column":8},"end":{"line":152,"column":null}},{"start":{},"end":{}}],"line":150},"18":{"loc":{"start":{"line":158,"column":24},"end":{"line":158,"column":null}},"type":"binary-expr","locations":[{"start":{"line":158,"column":24},"end":{"line":158,"column":39}},{"start":{"line":158,"column":39},"end":{"line":158,"column":null}}],"line":158},"19":{"loc":{"start":{"line":162,"column":29},"end":{"line":162,"column":null}},"type":"binary-expr","locations":[{"start":{"line":162,"column":29},"end":{"line":162,"column":46}},{"start":{"line":162,"column":46},"end":{"line":162,"column":null}}],"line":162},"20":{"loc":{"start":{"line":163,"column":28},"end":{"line":165,"column":null}},"type":"cond-expr","locations":[{"start":{"line":164,"column":18},"end":{"line":164,"column":null}},{"start":{"line":165,"column":18},"end":{"line":165,"column":null}}],"line":163},"21":{"loc":{"start":{"line":170,"column":27},"end":{"line":170,"column":75}},"type":"cond-expr","locations":[{"start":{"line":170,"column":50},"end":{"line":170,"column":64}},{"start":{"line":170,"column":64},"end":{"line":170,"column":75}}],"line":170},"22":{"loc":{"start":{"line":179,"column":8},"end":{"line":181,"column":null}},"type":"if","locations":[{"start":{"line":179,"column":8},"end":{"line":181,"column":null}},{"start":{},"end":{}}],"line":179},"23":{"loc":{"start":{"line":194,"column":27},"end":{"line":194,"column":75}},"type":"cond-expr","locations":[{"start":{"line":194,"column":50},"end":{"line":194,"column":64}},{"start":{"line":194,"column":64},"end":{"line":194,"column":75}}],"line":194},"24":{"loc":{"start":{"line":207,"column":25},"end":{"line":207,"column":null}},"type":"cond-expr","locations":[{"start":{"line":207,"column":37},"end":{"line":207,"column":85}},{"start":{"line":207,"column":88},"end":{"line":207,"column":null}}],"line":207}},"s":{"0":1,"1":1,"2":4,"3":4,"4":3,"5":1,"6":1,"7":0,"8":1,"9":0,"10":1,"11":0,"12":0,"13":1,"14":4,"15":0,"16":0,"17":4,"18":4,"19":0,"20":2,"21":2,"22":2,"23":2,"24":2,"25":0,"26":0,"27":2,"28":2,"29":2,"30":2,"31":4,"32":4,"33":4,"34":0,"35":0,"36":0,"37":0,"38":0,"39":4,"40":1,"41":1,"42":1,"43":0,"44":0,"45":1,"46":1,"47":1,"48":1,"49":4,"50":3,"51":3,"52":3,"53":1,"54":1,"55":2,"56":2,"57":0,"58":2,"59":2,"60":2,"61":4,"62":0,"63":0,"64":0,"65":0,"66":0,"67":0,"68":0,"69":0,"70":0,"71":0,"72":0,"73":0,"74":0,"75":0,"76":0,"77":0,"78":4,"79":0,"80":0,"81":0,"82":0,"83":0,"84":0,"85":0,"86":0,"87":0,"88":0,"89":0,"90":0,"91":0,"92":0,"93":0,"94":0,"95":0,"96":4,"97":0,"98":0,"99":0,"100":0,"101":0,"102":0,"103":0,"104":0,"105":0,"106":0,"107":0,"108":0,"109":0,"110":0,"111":0,"112":4,"113":4,"114":4,"115":0,"116":0,"117":0},"f":{"0":4,"1":0,"2":4,"3":0,"4":2,"5":0,"6":2,"7":0,"8":0,"9":1,"10":0,"11":3,"12":0,"13":0,"14":0,"15":0,"16":0,"17":0,"18":0,"19":0},"b":{"0":[3,1],"1":[0,1],"2":[0,1],"3":[1,1],"4":[0,0],"5":[0,4],"6":[0,0],"7":[2,0],"8":[0,0],"9":[0,0],"10":[0,1],"11":[1,2],"12":[0,2],"13":[0,0],"14":[0,0],"15":[0,0],"16":[0,0],"17":[0,0],"18":[0,0],"19":[0,0],"20":[0,0],"21":[0,0],"22":[0,0],"23":[0,0],"24":[0,0]},"meta":{"lastBranch":25,"lastFunction":20,"lastStatement":118,"seen":{"s:10:15:10:Infinity":0,"s:12:29:12:Infinity":1,"f:22:9:22:31":0,"s:23:10:23:58":2,"b:24:4:24:Infinity:undefined:undefined:undefined:undefined":0,"s:24:4:24:Infinity":3,"s:24:18:24:Infinity":4,"s:26:10:26:28":5,"s:27:21:27:55":6,"f:27:27:27:33":1,"s:27:39:27:55":7,"b:28:4:28:Infinity:undefined:undefined:undefined:undefined":1,"s:28:4:28:Infinity":8,"s:28:18:28:Infinity":9,"b:30:4:31:Infinity:undefined:undefined:undefined:undefined":2,"s:30:4:31:Infinity":10,"b:30:8:30:28:30:28:30:57":3,"b:31:8:31:Infinity:undefined:undefined:undefined:undefined":4,"s:31:8:31:Infinity":11,"s:31:32:31:Infinity":12,"s:34:4:34:Infinity":13,"f:37:22:37:74":2,"b:38:4:40:Infinity:undefined:undefined:undefined:undefined":5,"s:38:4:40:Infinity":14,"s:39:8:39:Infinity":15,"s:40:8:40:Infinity":16,"s:43:16:43:48":17,"s:45:4:45:Infinity":18,"f:45:8:45:15":3,"s:45:23:45:69":19,"f:49:19:49:Infinity":4,"s:53:8:53:Infinity":20,"f:53:43:53:55":5,"s:55:8:84:Infinity":21,"f:55:14:55:26":6,"s:56:23:56:33":22,"s:57:12:82:Infinity":23,"s:58:31:66:18":24,"f:62:29:62:36":7,"s:63:39:63:66":25,"s:64:24:64:Infinity":26,"b:64:79:64:90:64:93:64:103":6,"s:67:32:67:Infinity":27,"s:68:16:68:Infinity":28,"s:69:29:69:Infinity":29,"b:69:29:69:39:69:39:69:Infinity":7,"s:70:16:75:Infinity":30,"s:71:26:71:61":31,"s:72:20:75:Infinity":32,"s:73:24:73:Infinity":33,"s:75:24:75:Infinity":34,"s:79:32:79:Infinity":35,"s:80:28:80:76":36,"b:80:51:80:65:80:65:80:76":8,"s:81:16:81:Infinity":37,"b:81:121:81:133:81:133:81:144":9,"s:82:16:82:Infinity":38,"f:82:47:82:59":8,"s:87:4:98:Infinity":39,"f:87:23:87:30":9,"s:88:23:88:42":40,"s:89:23:89:52":41,"b:90:8:92:Infinity:undefined:undefined:undefined:undefined":10,"s:90:8:92:Infinity":42,"s:91:12:91:Infinity":43,"s:92:12:92:Infinity":44,"s:94:26:94:Infinity":45,"s:95:8:95:Infinity":46,"f:95:47:95:59":10,"s:96:8:96:Infinity":47,"s:97:8:97:Infinity":48,"s:100:4:115:Infinity":49,"f:100:19:100:26":11,"s:101:23:101:42":50,"s:102:23:102:52":51,"b:103:8:105:Infinity:undefined:undefined:undefined:undefined":11,"s:103:8:105:Infinity":52,"s:104:12:104:Infinity":53,"s:105:12:105:Infinity":54,"s:108:26:108:49":55,"b:109:8:109:Infinity:undefined:undefined:undefined:undefined":12,"s:109:8:109:Infinity":56,"s:109:24:109:Infinity":57,"s:111:26:111:Infinity":58,"s:112:8:112:Infinity":59,"s:114:8:114:Infinity":60,"s:118:4:144:Infinity":61,"f:118:29:118:36":12,"s:119:23:119:42":62,"s:120:23:120:52":63,"b:121:8:123:Infinity:undefined:undefined:undefined:undefined":13,"s:121:8:123:Infinity":64,"s:122:12:122:Infinity":65,"s:123:12:123:Infinity":66,"s:126:26:126:Infinity":67,"s:128:20:128:Infinity":68,"s:129:24:129:Infinity":69,"s:130:24:130:Infinity":70,"b:130:24:130:39:130:39:130:Infinity":14,"s:132:8:142:Infinity":71,"s:133:29:133:76":72,"s:134:28:136:Infinity":73,"b:135:18:135:Infinity:136:18:136:Infinity":15,"s:138:12:138:Infinity":74,"s:139:12:139:Infinity":75,"s:141:27:141:75":76,"b:141:50:141:64:141:64:141:75":16,"s:142:12:142:Infinity":77,"f:142:48:142:60":13,"s:147:4:173:Infinity":78,"f:147:32:147:39":14,"s:148:23:148:42":79,"s:149:23:149:52":80,"b:150:8:152:Infinity:undefined:undefined:undefined:undefined":17,"s:150:8:152:Infinity":81,"s:151:12:151:Infinity":82,"s:152:12:152:Infinity":83,"s:155:26:155:Infinity":84,"s:156:20:156:Infinity":85,"s:157:20:157:Infinity":86,"s:158:24:158:Infinity":87,"b:158:24:158:39:158:39:158:Infinity":18,"s:160:8:171:Infinity":88,"s:161:29:161:72":89,"s:162:29:162:Infinity":90,"b:162:29:162:46:162:46:162:Infinity":19,"s:163:28:165:Infinity":91,"b:164:18:164:Infinity:165:18:165:Infinity":20,"s:167:12:167:Infinity":92,"s:168:12:168:Infinity":93,"s:170:27:170:75":94,"b:170:50:170:64:170:64:170:75":21,"s:171:12:171:Infinity":95,"f:171:48:171:60":15,"s:176:4:197:Infinity":96,"f:176:29:176:36":16,"s:177:23:177:42":97,"s:178:23:178:52":98,"b:179:8:181:Infinity:undefined:undefined:undefined:undefined":22,"s:179:8:181:Infinity":99,"s:180:12:180:Infinity":100,"s:181:12:181:Infinity":101,"s:184:26:184:Infinity":102,"s:185:20:185:Infinity":103,"s:186:8:195:Infinity":104,"s:187:29:187:78":105,"s:188:29:188:Infinity":106,"s:189:28:189:Infinity":107,"s:191:12:191:Infinity":108,"s:192:12:192:Infinity":109,"s:194:27:194:75":110,"b:194:50:194:64:194:64:194:75":23,"s:195:12:195:Infinity":111,"f:195:48:195:60":17,"s:199:4:199:Infinity":112,"s:200:4:200:Infinity":113,"s:202:4:210:Infinity":114,"f:203:8:203:21":18,"s:204:12:204:Infinity":115,"f:206:14:206:26":19,"s:207:25:207:Infinity":116,"b:207:37:207:85:207:88:207:Infinity":24,"s:208:12:208:Infinity":117}}}
,"/Users/mox/neo/src/routes/chat.ts": {"path":"/Users/mox/neo/src/routes/chat.ts","statementMap":{"0":{"start":{"line":10,"column":4},"end":{"line":117,"column":null}},"1":{"start":{"line":11,"column":21},"end":{"line":11,"column":null}},"2":{"start":{"line":12,"column":24},"end":{"line":12,"column":null}},"3":{"start":{"line":13,"column":22},"end":{"line":13,"column":null}},"4":{"start":{"line":14,"column":26},"end":{"line":14,"column":null}},"5":{"start":{"line":15,"column":23},"end":{"line":15,"column":null}},"6":{"start":{"line":15,"column":106},"end":{"line":15,"column":158}},"7":{"start":{"line":17,"column":26},"end":{"line":20,"column":null}},"8":{"start":{"line":19,"column":16},"end":{"line":19,"column":174}},"9":{"start":{"line":21,"column":8},"end":{"line":24,"column":null}},"10":{"start":{"line":22,"column":12},"end":{"line":22,"column":null}},"11":{"start":{"line":23,"column":12},"end":{"line":23,"column":null}},"12":{"start":{"line":24,"column":12},"end":{"line":24,"column":null}},"13":{"start":{"line":26,"column":8},"end":{"line":29,"column":null}},"14":{"start":{"line":27,"column":12},"end":{"line":27,"column":null}},"15":{"start":{"line":28,"column":12},"end":{"line":28,"column":null}},"16":{"start":{"line":29,"column":12},"end":{"line":29,"column":null}},"17":{"start":{"line":31,"column":8},"end":{"line":34,"column":null}},"18":{"start":{"line":32,"column":12},"end":{"line":32,"column":null}},"19":{"start":{"line":33,"column":12},"end":{"line":33,"column":null}},"20":{"start":{"line":34,"column":12},"end":{"line":34,"column":null}},"21":{"start":{"line":37,"column":23},"end":{"line":37,"column":null}},"22":{"start":{"line":38,"column":24},"end":{"line":38,"column":46}},"23":{"start":{"line":43,"column":36},"end":{"line":43,"column":null}},"24":{"start":{"line":44,"column":8},"end":{"line":44,"column":null}},"25":{"start":{"line":45,"column":8},"end":{"line":50,"column":null}},"26":{"start":{"line":52,"column":32},"end":{"line":52,"column":53}},"27":{"start":{"line":55,"column":8},"end":{"line":55,"column":null}},"28":{"start":{"line":55,"column":30},"end":{"line":55,"column":53}},"29":{"start":{"line":57,"column":14},"end":{"line":61,"column":null}},"30":{"start":{"line":58,"column":12},"end":{"line":58,"column":null}},"31":{"start":{"line":58,"column":52},"end":{"line":58,"column":null}},"32":{"start":{"line":59,"column":12},"end":{"line":61,"column":null}},"33":{"start":{"line":60,"column":16},"end":{"line":60,"column":null}},"34":{"start":{"line":66,"column":26},"end":{"line":72,"column":18}},"35":{"start":{"line":67,"column":12},"end":{"line":69,"column":null}},"36":{"start":{"line":68,"column":16},"end":{"line":68,"column":null}},"37":{"start":{"line":69,"column":16},"end":{"line":69,"column":null}},"38":{"start":{"line":71,"column":12},"end":{"line":71,"column":null}},"39":{"start":{"line":71,"column":18},"end":{"line":71,"column":56}},"40":{"start":{"line":71,"column":58},"end":{"line":71,"column":null}},"41":{"start":{"line":74,"column":8},"end":{"line":115,"column":null}},"42":{"start":{"line":76,"column":35},"end":{"line":76,"column":null}},"43":{"start":{"line":77,"column":12},"end":{"line":83,"column":null}},"44":{"start":{"line":78,"column":35},"end":{"line":80,"column":37}},"45":{"start":{"line":79,"column":20},"end":{"line":79,"column":null}},"46":{"start":{"line":81,"column":16},"end":{"line":83,"column":null}},"47":{"start":{"line":86,"column":12},"end":{"line":107,"column":null}},"48":{"start":{"line":93,"column":36},"end":{"line":93,"column":75}},"49":{"start":{"line":94,"column":35},"end":{"line":94,"column":72}},"50":{"start":{"line":96,"column":32},"end":{"line":96,"column":null}},"51":{"start":{"line":97,"column":37},"end":{"line":97,"column":null}},"52":{"start":{"line":98,"column":26},"end":{"line":98,"column":72}},"53":{"start":{"line":99,"column":20},"end":{"line":99,"column":null}},"54":{"start":{"line":100,"column":20},"end":{"line":100,"column":null}},"55":{"start":{"line":101,"column":32},"end":{"line":101,"column":null}},"56":{"start":{"line":102,"column":20},"end":{"line":102,"column":null}},"57":{"start":{"line":105,"column":20},"end":{"line":105,"column":null}},"58":{"start":{"line":108,"column":12},"end":{"line":108,"column":null}},"59":{"start":{"line":110,"column":12},"end":{"line":111,"column":null}},"60":{"start":{"line":111,"column":16},"end":{"line":111,"column":null}},"61":{"start":{"line":114,"column":12},"end":{"line":114,"column":null}},"62":{"start":{"line":115,"column":12},"end":{"line":115,"column":null}},"63":{"start":{"line":115,"column":36},"end":{"line":115,"column":null}}},"fnMap":{"0":{"name":"chatRoute","decl":{"start":{"line":9,"column":16},"end":{"line":9,"column":26}},"loc":{"start":{"line":9,"column":48},"end":{"line":117,"column":null}},"line":9},"1":{"name":"(anonymous_1)","decl":{"start":{"line":10,"column":29},"end":{"line":10,"column":36}},"loc":{"start":{"line":10,"column":44},"end":{"line":117,"column":null}},"line":10},"2":{"name":"(anonymous_2)","decl":{"start":{"line":15,"column":79},"end":{"line":15,"column":87}},"loc":{"start":{"line":15,"column":106},"end":{"line":15,"column":158}},"line":15},"3":{"name":"(anonymous_3)","decl":{"start":{"line":18,"column":44},"end":{"line":18,"column":52}},"loc":{"start":{"line":19,"column":16},"end":{"line":19,"column":174}},"line":19},"4":{"name":"(anonymous_4)","decl":{"start":{"line":55,"column":15},"end":{"line":55,"column":30}},"loc":{"start":{"line":55,"column":30},"end":{"line":55,"column":53}},"line":55},"5":{"name":"(anonymous_5)","decl":{"start":{"line":57,"column":14},"end":{"line":57,"column":23}},"loc":{"start":{"line":57,"column":56},"end":{"line":61,"column":null}},"line":57},"6":{"name":"(anonymous_6)","decl":{"start":{"line":66,"column":26},"end":{"line":66,"column":44}},"loc":{"start":{"line":66,"column":44},"end":{"line":72,"column":18}},"line":66},"7":{"name":"(anonymous_7)","decl":{"start":{"line":78,"column":45},"end":{"line":78,"column":50}},"loc":{"start":{"line":79,"column":20},"end":{"line":79,"column":null}},"line":79},"8":{"name":"(anonymous_8)","decl":{"start":{"line":93,"column":16},"end":{"line":93,"column":26}},"loc":{"start":{"line":93,"column":36},"end":{"line":93,"column":75}},"line":93},"9":{"name":"(anonymous_9)","decl":{"start":{"line":94,"column":16},"end":{"line":94,"column":25}},"loc":{"start":{"line":94,"column":35},"end":{"line":94,"column":72}},"line":94},"10":{"name":"(anonymous_10)","decl":{"start":{"line":95,"column":25},"end":{"line":95,"column":32}},"loc":{"start":{"line":95,"column":60},"end":{"line":102,"column":null}},"line":95},"11":{"name":"(anonymous_11)","decl":{"start":{"line":104,"column":25},"end":{"line":104,"column":32}},"loc":{"start":{"line":104,"column":40},"end":{"line":105,"column":null}},"line":104}},"branchMap":{"0":{"loc":{"start":{"line":12,"column":24},"end":{"line":12,"column":null}},"type":"cond-expr","locations":[{"start":{"line":12,"column":59},"end":{"line":12,"column":78}},{"star
[...]
,"/Users/mox/neo/src/utils/yaml.ts": {"path":"/Users/mox/neo/src/utils/yaml.ts","statementMap":{"0":{"start":{"line":14,"column":18},"end":{"line":14,"column":34}},"1":{"start":{"line":15,"column":26},"end":{"line":15,"column":28}},"2":{"start":{"line":16,"column":4},"end":{"line":16,"column":null}},"3":{"start":{"line":17,"column":4},"end":{"line":17,"column":null}},"4":{"start":{"line":21,"column":12},"end":{"line":21,"column":null}},"5":{"start":{"line":22,"column":4},"end":{"line":22,"column":null}},"6":{"start":{"line":22,"column":47},"end":{"line":22,"column":null}},"7":{"start":{"line":23,"column":4},"end":{"line":23,"column":null}},"8":{"start":{"line":27,"column":12},"end":{"line":27,"column":null}},"9":{"start":{"line":28,"column":4},"end":{"line":84,"column":null}},"10":{"start":{"line":29,"column":21},"end":{"line":29,"column":null}},"11":{"start":{"line":30,"column":24},"end":{"line":30,"column":38}},"12":{"start":{"line":32,"column":8},"end":{"line":32,"column":null}},"13":{"start":{"line":32,"column":63},"end":{"line":32,"column":68}},"14":{"start":{"line":32,"column":68},"end":{"line":32,"column":null}},"15":{"start":{"line":34,"column":23},"end":{"line":34,"column":41}},"16":{"start":{"line":36,"column":8},"end":{"line":36,"column":null}},"17":{"start":{"line":36,"column":34},"end":{"line":36,"column":null}},"18":{"start":{"line":37,"column":8},"end":{"line":37,"column":null}},"19":{"start":{"line":37,"column":36},"end":{"line":37,"column":41}},"20":{"start":{"line":37,"column":41},"end":{"line":37,"column":null}},"21":{"start":{"line":39,"column":8},"end":{"line":39,"column":null}},"22":{"start":{"line":39,"column":50},"end":{"line":39,"column":null}},"23":{"start":{"line":41,"column":25},"end":{"line":41,"column":45}},"24":{"start":{"line":42,"column":8},"end":{"line":42,"column":null}},"25":{"start":{"line":42,"column":31},"end":{"line":42,"column":36}},"26":{"start":{"line":42,"column":36},"end":{"line":42,"column":null}},"27":{"start":{"line":44,"column":20},"end":{"line":44,"column":53}},"28":{"start":{"line":45,"column":21},"end":{"line":45,"column":55}},"29":{"start":{"line":47,"column":8},"end":{"line":84,"column":null}},"30":{"start":{"line":48,"column":12},"end":{"line":48,"column":null}},"31":{"start":{"line":49,"column":12},"end":{"line":49,"column":null}},"32":{"start":{"line":51,"column":26},"end":{"line":51,"column":null}},"33":{"start":{"line":52,"column":12},"end":{"line":52,"column":null}},"34":{"start":{"line":52,"column":69},"end":{"line":52,"column":null}},"35":{"start":{"line":54,"column":12},"end":{"line":54,"column":null}},"36":{"start":{"line":54,"column":43},"end":{"line":54,"column":58}},"37":{"start":{"line":54,"column":58},"end":{"line":54,"column":63}},"38":{"start":{"line":54,"column":63},"end":{"line":54,"column":null}},"39":{"start":{"line":56,"column":29},"end":{"line":56,"column":null}},"40":{"start":{"line":57,"column":31},"end":{"line":57,"column":50}},"41":{"start":{"line":58,"column":32},"end":{"line":58,"column":52}},"42":{"start":{"line":60,"column":12},"end":{"line":84,"column":null}},"43":{"start":{"line":61,"column":38},"end":{"line":61,"column":40}},"44":{"start":{"line":62,"column":16},"end":{"line":62,"column":null}},"45":{"start":{"line":63,"column":16},"end":{"line":72,"column":null}},"46":{"start":{"line":64,"column":31},"end":{"line":64,"column":null}},"47":{"start":{"line":65,"column":31},"end":{"line":65,"column":40}},"48":{"start":{"line":66,"column":20},"end":{"line":66,"column":null}},"49":{"start":{"line":66,"column":31},"end":{"line":66,"column":36}},"50":{"start":{"line":66,"column":36},"end":{"line":66,"column":null}},"51":{"start":{"line":67,"column":20},"end":{"line":67,"column":null}},"52":{"start":{"line":67,"column":52},"end":{"line":67,"column":null}},"53":{"start":{"line":68,"column":20},"end":{"line":72,"column":null}},"54":{"start":{"line":69,"column":24},"end":{"line":69,"column":null}},"55":{"start":{"line":70,"column":24},"end":{"line":70,"column":null}},"56":{"start":{"line":72,"column":24},"end":{"line":72,"column":null}},"57":{"start":{"line":75,"column":16},"end":{"line":75,"column":null}},"58":{"start":{"line":76,"column":23},"end":{"line":84,"column":null}},"59":{"start":{"line":77,"column":35},"end":{"line":77,"column":53}},"60":{"start":{"line":78,"column":42},"end":{"line":78,"column":44}},"61":{"start":{"line":79,"column":33},"end":{"line":79,"column":81}},"62":{"start":{"line":80,"column":16},"end":{"line":80,"column":null}},"63":{"start":{"line":81,"column":16},"end":{"line":81,"column":null}},"64":{"start":{"line":83,"column":16},"end":{"line":83,"column":null}},"65":{"start":{"line":84,"column":16},"end":{"line":84,"column":null}},"66":{"start":{"line":88,"column":4},"end":{"line":88,"column":null}},"67":{"start":{"line":92,"column":4},"end":{"line":93,"column":null}},"68":{"start":{"line":93,"column":8},"end":{"line":93,"column":null}},"69":{"start":{"line":95,"column":4},"end":{"line":95,"column":null}},"70":{"start":{"line":106,"column":4},"end":{"line":106,"column":null}},"71":{"start":{"line":106,"column":14},"end":{"line":106,"column":null}},"72":{"start":{"line":107,"column":17},"end":{"line":107,"column":48}},"73":{"start":{"line":108,"column":21},"end":{"line":108,"column":null}},"74":{"start":{"line":109,"column":121},"end":{"line":109,"column":123}},"75":{"start":{"line":111,"column":4},"end":{"line":122,"column":null}},"76":{"start":{"line":112,"column":8},"end":{"line":122,"column":null}},"77":{"start":{"line":113,"column":12},"end":{"line":122,"column":null}},"78":{"start":{"line":114,"column":27},"end":{"line":114,"column":null}},"79":{"start":{"line":115,"column":16},"end":{"line":122,"column":null}},"80":{"start":{"line":127,"column":24},"end":{"line":127,"column":null}},"81":{"start":{"line":128,"column":21},"end":{"line":128,"column":null}},"82":{"start":{"line":130,"column":4},"end":{"line":130,"column":null}}},"fnMap":{"0":{"name":"parseYaml","decl":{"start":{"line":13,"column":16},"end":{"line":13,"column":26}},"loc":{"start":{"line":13,"column":49},"end":{"line":17,"column":null}},"line":13},"1":{"name":"getIndent","decl":{"start":{"line":20,"column":9},"end":{"line":20,"column":19}},"loc":{"start":{"line":20,"column":41},"end":{"line":23,"column":null}},"line":20},"2":{"name":"parseYamlLines","decl":{"start":{"line":26,"column":9},"end":{"line":26,"column":24}},"loc":{"start":{"line":26,"column":84},"end":{"line":88,"column":null}},"line":26},"3":{"name":"unquote","decl":{"start":{"line":91,"column":9},"end":{"line":91,"column":17}},"loc":{"start":{"line":91,"column":36},"end":{"line":95,"column":null}},"line":91},"4":{"name":"buildParameters","decl":{"start":{"line":101,"column":16},"end":{"line":101,"column":32}},"loc":{"start":{"line":105,"column":14},"end":{"line":130,"column":null}},"line":105}},"branchMap":{"0":{"loc":{"start":{"line":22,"column":11},"end":{"line":22,"column":47}},"type":"binary-expr","locations":[{"start":{"line":22,"column":11},"end":{"line":22,"column":30}},{"start":{"line":22,"column":30},"end":{"line":22,"column":47}}],"line":22},"1":{"loc":{"start":{"line":32,"column":8},"end":{"line":32,"column":null}},"type":"if","locations":[{"start":{"line":32,"column":8},"end":{"line":32,"column":null}},{"start":{},"end":{}}],"line":32},"2":{"loc":{"start":{"line":32,"column":12},"end":{"line":32,"column":59}},"type":"binary-expr","locations":[{"start":{"line":32,"column":12},"end":{"line":32,"column":24}},{"start":{"line":32,"column":24},"end":{"line":32,"column":59}}],"line":32},"3":{"loc":{"start":{"line":36,"column":8},"end":{"line":36,"column":null}},"type":"if","locations":[{"start":{"line":36,"column":8},"end":{"line":36,"column":null}},{"start":{},"end":{}}],"line":36},"4":{"loc":{"start":{"line":37,"column":8},"end":{"line":37,"column":null}},"type":"if","locations":[{"start":{"line":37,"column":8},"end":{"line":37,"column":null}},{"start":{},"end":{}}],"line":37},"5":{"loc":{"start":{"line":39,"column":8},"end":{"line":39,"column":null}},"type":"if","locations":[{"start":{"line":39,"column":8},"end":{"line":39,"column":null}},{"start":{},"end":{}}],"line":39},"6":{"loc":{"start":{"line":42,"column":8},"end":{"line":42,"column":null}},"type":"if","locations":[{"start":{"line":42,"column":8},"end":{"line":42,"column":null}},{"start":{},"end":{}}],"line":42},"7":{"loc":{"start":{"line":47,"column":8},"end":{"line":84,"column":null}},"type":"if","locations":[{"start":{"line":47,"column":8},"end":{"line":84,"column":null}},{"start":{"line":50,"column":15},"end":{"line":84,"column":null}}],"line":47},"8":{"loc":{"start":{"line":52,"column":19},"end":{"line":52,"column":67}},"type":"binary-expr","locations":[{"start":{"line":52,"column":19},"end":{"line":52,"column":45}},{"start":{"line":52,"column":45},"end":{"line":52,"column":67}}],"line":52},"9":{"loc":{"start":{"line":54,"column":12},"end":{"line":54,"column":null}},"type":"if","locations":[{"start":{"line":54,"column":12},"end":{"line":54,"column":null}},{"start":{},"end":{}}],"line":54},"10":{"loc":{"start":{"line":60,"column":12},"end":{"line":84,"column":null}},"type":"if","locations":[{"start":{"line":60,"column":12},"end":{"line":84,"column":null}},{"start":{"line":76,"column":23},"end":{"line":84,"column":null}}],"line":60},"11":{"loc":{"start":{"line":66,"column":20},"end":{"line":66,"column":null}},"type":"if","locations":[{"start":{"line":66,"column":20},"end":{"line":66,"column":null}},{"start":{},"end":{}}],"line":66},"12":{"loc":{"start":{"line":67,"column":20},"end":{"line":67,"column":null}},"type":"if","locations":[{"start":{"line":67,"column":20},"end":{"line":67,"column":null}},{"start":{},"end":{}}],"line":67},"13":{"loc":{"start":{"line":68,"column":20},"end":{"line":72,"column":null}},"type":"if","locations":[{"start":{"line":68,"column":20},"end":{"line":72,"column":null}},{"start":{"line":71,"column":27},"end":{"line":72,"column":null}}],"line":68},"14":{"loc":{"start":{"line":76,"column":23},"end":{"line":84,"column":null}},"type":"if","locations":[{"start":{"line":76,"column":23},"end":{"line":84,"column":null}},{"start":{"line":82,"column":19},"end":{"line":84,"column":null}}],"line":76},"15":{"loc":{"start":{"line":92,"column":4},"end":{"line":93,"column":null}},"type":"if","locations":[{"start":{"line":92,"column":4},"end":{"line":93,"column":null}},{"start":{},"end":{}}],"line":92},"16":{"loc":{"start":{"line":92,"column":9},"end":{"line":92,"column":87}},"type":"binary-expr","locations":[{"start":{"line":92,"column":9},"end":{"line":92,"column":26}},{"start":{"line":92,"column":30},"end":{"line":92,"column":45}},{"start":{"line":92,"column":51},"end":{"line":92,"column":68}},{"start":{"line":92,"column":72},"end":{"line":92,"column":87}}],"line":92},"17":{"loc":{"start":{"line":106,"column":4},"end":{"line":106,"column":null}},"type":"if","locations":[{"start":{"line":106,"column":4},"end":{"line":106,"column":null}},{"start":{},"end":{}}],"line":106},"18":{"loc":{"start":{"line":107,"column":24},"end":{"line":107,"column":48}},"type":"binary-expr","locations":[{"start":{"line":107,"column":24},"end":{"line":107,"column":39}},{"start":{"line":107,"column":39},"end":{"line":107,"column":48}}],"line":107},"19":{"loc":{"start":{"line":111,"column":4},"end":{"line":122,"column":null}},"type":"if","locations":[{"start":{"line":111,"column":4},"end":{"line":122,"column":null}},{"start":{},"end":{}}],"line":111},"20":{"loc":{"start":{"line":111,"column":8},"end":{"line":111,"column":76}},"type":"binary-expr","locations":[{"start":{"line":111,"column":8},"end":{"line":111,"column":20}},{"start":{"line":111,"column":20},"end":{"line":111,"column":52}},{"start":{"line":111,"column":52},"end":{"line":111,"column":76}}],"line":111},"21":{"loc":{"start":{"line":113,"column":12},"end":{"line":122,"column":null}},"type":"if","locations":[{"start":{"line":113,"column":12},"end":{"line":122,"column":null}},{"start":{},"end":{}}],"line":113},"22":{"loc":{"start":{"line":113,"column":16},"end":{"line":113,"column":70}},"type":"binary-expr","locations":[{"start":{"line":113,"column":16},"end":{"line":113,"column":47}},{"start":{"line":113,"column":47},"end":{"line":113,"column":70}}],"line":113},"23":{"loc":{"start":{"line":116,"column":33},"end":{"line":116,"column":56}},"type":"binary-expr","locations":[{"start":{"line":116,"column":33},"end":{"line":116,"column":47}},{"start":{"line":116,"column":47},"end":{"line":116,"column":56}}],"line":116},"24":{"loc":{"start":{"line":117,"column":40},"end":{"line":117,"column":64}},"type":"binary-expr","locations":[{"start":{"line":117,"column":40},"end":{"line":117,"column":61}},{"start":{"line":117,"column":61},"end":{"line":117,"column":64}}],"line":117},"25":{"loc":{"start":{"line":118,"column":24},"end":{"line":118,"column":103}},"type":"cond-expr","locations":[{"start":{"line":118,"column":66},"end":{"line":118,"column":98}},{"start":{"line":118,"column":101},"end":{"line":118,"column":103}}],"line":118},"26":{"loc":{"start":{"line":118,"column":24},"end":{"line":118,"column":63}},"type":"binary-expr","locations":[{"start":{"line":118,"column":24},"end":{"line":118,"column":38}},{"start":{"line":118,"column":38},"end":{"line":118,"column":63}}],"line":118},"27":{"loc":{"start":{"line":119,"column":24},"end":{"line":121,"column":null}},"type":"cond-expr","locations":[{"start":{"line":120,"column":26},"end":{"line":120,"column":99}},{"start":{"line":121,"column":26},"end":{"line":121,"column":null}}],"line":119},"28":{"loc":{"start":{"line":119,"column":24},"end":{"line":119,"column":101}},"type":"binary-expr","locations":[{"start":{"line":119,"column":24},"end":{"line":119,"column":39}},{"start":{"line":119,"column":39},"end":{"line":119,"column":74}},{"start":{"line":119,"column":74},"end":{"line":119,"column":101}}],"line":119},"29":{"loc":{"start":{"line":120,"column":51},"end":{"line":120,"column":95}},"type":"binary-expr","locations":[{"start":{"line":120,"column":51},"end":{"line":120,"column":86}},{"start":{"line":120,"column":86},"end":{"line":120,"column":95}}],"line":120},"30":{"loc":{"start":{"line":128,"column":21},"end":{"line":128,"column":null}},"type":"cond-expr","locations":[{"start":{"line":128,"column":50},"end":{"line":128,"column":76}},{"start":{"line":128,"column":76},"end":{"line":128,"column":null}}],"line":128},"31":{"loc":{"start":{"line":130,"column":35},"end":{"line":130,"column":66}},"type":"cond-expr","locations":[{"start":{"line":130,"column":46},"end":{"line":130,"column":58}},{"start":{"line":130,"column":61},"end":{"line":130,"column":66}}],"line":130}},"s":{"0":33,"1":33,"2":33,"3":33,"4":191,"5":191,"6":396,"7":191,"8":62,"9":62,"10":134,"11":134,"12":134,"13":7,"14":7,"15":127,"16":127,"17":10,"18":117,"19":0,"20":0,"21":117,"22":0,"23":117,"24":117,"25":0,"26":0,"27":117,"28":117,"29":117,"30":75,"31":75,"32":42,"33":42,"34":0,"35":42,"36":1,"37":1,"38":1,"39":41,"40":41,"41":41,"42":41,"43":12,"44":12,"45":12,"46":23,"47":23,"48":23,"49":0,"50":0,"51":23,"52":4,"53":19,"54":19,"55":19,"56":0,"57":12,"58":29,"59":29,"60":29,"61":29,"62":29,"63":29,"64":0,"65":0,"66":62,"67":94,"68":8,"69":86,"70":13,"71":2,"72":11,"73":13,"74":13,"75":13,"76":9,"77":9,"78":9,"79":9,"80":11,"81":11,"82":13},"f":{"0":33,"1":191,"2":62,"3":94,"4":13},"b":{"0":[191,587],"1":[7,127],"2":[134,129],"3":[10,117],"4":[0,117],"5":[0,117],"6":[0,117],"7":[75,42],"8":[42,41],"9":[1,41],"10":[12,29],"11":[0,23],"12":[4,19],"13":[19,0],"14":[29,0],"15":[8,86],"16":[94,6,88,2],"17":[2,11],"18":[11,2],"19":[9,4],"20":[13,9,9],"21":[9,0],"22":[9,9],"23":[9,0],"24":[9,0],"25":[1,8],"26":[9,1],"27":[1,8],"28":[9,1,1],"29":[1,0],"30":[5,6],"31":[5,6]},"meta":{"lastBranch":32,"lastFunction":5,"lastStatement":83,"seen":{"f:13:16:13:26":0,"s:14:18:14:34":0,"s:15:26:15:28":1,"s:16:4:16:Infinity":2,"s:17:4:17:Infinity":3,"f:20:9:20:19":1,"s:21:12:21:Infinity":4,"s:22:4:22:Infinity":5,"b:22:11:22:30:22:30:22:47":0,"s:22:47:22:Infinity":6,"s:23:4:23:Infinity":7,"f:26:9:26:24":2,"s:27:12:27:Infinity":8,"s:28:4:84:Infinity":9,"s:29:21:29:Infinity":10,"s:30:24:30:38":11,"b:32:8:32:Infinity:undefined:undefined:undefined:undefined":1,"s:32:8:32:Infinity":12,"b:32:12:32:24:32:24:32:59":2,"s:32:63:32:68":13,"s:32:68:32:Infinity":14,"s:34:23:34:41":15,"b:36:8:36:Infinity:undefined:undefined:undefined:undefined":3,"s:36:8:36:Infinity":16,"s:36:34:36:Infinity":17,"b:37:8:37:Infinity:undefined:undefined:undefined:undefined":4,"s:37:8:37:Infinity":18,"s:37:36:37:41":19,"s:37:41:37:Infinity":20,"b:39:8:39:Infinity:undefined:undefined:undefined:undefined":5,"s:39:8:39:Infinity":21,"s:39:50:39:Infinity":22,"s:41:25:41:45":23,"b:42:8:42:Infinity:undefined:undefined:undefined:undefined":6,"s:42:8:42:Infinity":24,"s:42:31:42:36":25,"s:42:36:42:Infinity":26,"s:44:20:44:53":27,"s:45:21:45:55":28,"b:47:8:84:Infinity:50:15:84:Infinity":7,"s:47:8:84:Infinity":29,"s:48:12:48:Infinity":30,"s:49:12:49:Infinity":31,"s:51:26:51:Infinity":32,"s:52:12:52:Infinity":33,"b:52:19:52:45:52:45:52:67":8,"s:52:69:52:Infinity":34,"b:54:12:54:Infinity:undefined:undefined:undefined:undefined":9,"s:54:12:54:Infinity":35,"s:54:43:54:58":36,"s:54:58:54:63":37,"s:54:63:54:Infinity":38,"s:56:29:56:Infinity":39,"s:57:31:57:50":40,"s:58:32:58:52":41,"b:60:12:84:Infinity:76:23:84:Infinity":10,"s:60:12:84:Infinity":42,"s:61:38:61:40":43,"s:62:16:62:Infinity":44,"s:63:16:72:Infinity":45,"s:64:31:64:Infinity":46,"s:65:31:65:40":47,"b:66:20:66:Infinity:undefined:undefined:undefined:undefined":11,"s:66:20:66:Infinity":48,"s:66:31:66:36":49,"s:66:36:66:Infinity":50,"b:67:20:67:Infinity:undefined:undefined:undefined:undefined":12,"s:67:20:67:Infinity":51,"s:67:52:67:Infinity":52,"b:68:20:72:Infinity:71:27:72:Infinity":13,"s:68:20:72:Infinity":53,"s:69:24:69:Infinity":54,"s:70:24:70:Infinity":55,"s:72:24:72:Infinity":56,"s:75:16:75:Infinity":57,"b:76:23:84:Infinity:82:19:84:Infinity":14,"s:76:23:84:Infinity":58,"s:77:35:77:53":59,"s:78:42:78:44":60,"s:79:33:79:81":61,"s:80:16:80:Infinity":62,"s:81:16:81:Infinity":63,"s:83:16:83:Infinity":64,"s:84:16:84:Infinity":65,"s:88:4:88:Infinity":66,"f:91:9:91:17":3,"b:92:4:93:Infinity:undefined:undefined:undefined:undefined":15,"s:92:4:93:Infinity":67,"b:92:9:92:26:92:30:92:45:92:51:92:68:92:72:92:87":16,"s:93:8:93:Infinity":68,"s:95:4:95:Infinity":69,"f:101:16:101:32":4,"b:106:4:106:Infinity:undefined:undefined:undefined:undefined":17,"s:106:4:106:Infinity":70,"s:106:14:106:Infinity":71,"s:107:17:107:48":72,"b:107:24:107:39:107:39:107:48":18,"s:108:21:108:Infinity":73,"s:109:121:109:123":74,"b:111:4:122:Infinity:undefined:undefined:undefined:undefined":19,"s:111:4:122:Infinity":75,"b:111:8:111:20:111:20:111:52:111:52:111:76":20,"s:112:8:122:Infinity":76,"b:113:12:122:Infinity:undefined:undefined:undefined:undefined":21,"s:113:12:122:Infinity":77,"b:113:16:113:47:113:47:113:70":22,"s:114:27:114:Infinity":78,"s:115:16:122:Infinity":79,"b:116:33:116:47:116:47:116:56":23,"b:117:40:117:61:117:61:117:64":24,"b:118:66:118:98:118:101:118:103":25,"b:118:24:118:38:118:38:118:63":26,"b:120:26:120:99:121:26:121:Infinity":27,"b:119:24:119:39:119:39:119:74:119:74:119:101":28,"b:120:51:120:86:120:86:120:95":29,"s:127:24:127:Infinity":80,"s:128:21:128:Infinity":81,"b:128:50:128:76:128:76:128:Infinity":30,"s:130:4:130:Infinity":82,"b:130:46:130:58:130:61:130:66":31}}}
}
